#
# A fatal error has been detected by the Java Runtime Environment:
#
#  EXCEPTION_ACCESS_VIOLATION (0xc0000005) at pc=0x00007fff618fe0a9, pid=6396, tid=3268
#
# JRE version: OpenJDK Runtime Environment Microsoft-8035246 (17.0.8+7) (build 17.0.8+7-LTS)
# Java VM: OpenJDK 64-Bit Server VM Microsoft-8035246 (17.0.8+7-LTS, mixed mode, sharing, tiered, compressed oops, compressed class ptrs, g1 gc, windows-amd64)
# Problematic frame:
# V  [jvm.dll+0x2be0a9]
#
# No core dump will be written. Minidumps are not enabled by default on client versions of Windows
#
# If you would like to submit a bug report, please visit:
#   https://github.com/microsoft/openjdk/issues
#

---------------  S U M M A R Y ------------

Command Line: -XX:MaxMetaspaceSize=512m --add-opens=java.base/java.util=ALL-UNNAMED --add-opens=java.base/java.lang=ALL-UNNAMED --add-opens=java.base/java.lang.invoke=ALL-UNNAMED --add-opens=java.prefs/java.util.prefs=ALL-UNNAMED --add-opens=java.base/java.nio.charset=ALL-UNNAMED --add-opens=java.base/java.net=ALL-UNNAMED --add-opens=java.base/java.util.concurrent.atomic=ALL-UNNAMED -Xmx2048m -Dfile.encoding=windows-1252 -Duser.country=US -Duser.language=en -Duser.variant -javaagent:C:\Users\Hissam\.gradle\wrapper\dists\gradle-8.3-all\6en3ugtfdg5xnpx44z4qbwgas\gradle-8.3\lib\agents\gradle-instrumentation-agent-8.3.jar org.gradle.launcher.daemon.bootstrap.GradleDaemon 8.3

Host: Intel(R) Core(TM) i5-6200U CPU @ 2.30GHz, 4 cores, 7G,  Windows 10 , 64 bit Build 19041 (10.0.19041.3636)
Time: Fri Mar  1 18:19:35 2024 Pakistan Standard Time elapsed time: 60.111945 seconds (0d 0h 1m 0s)

---------------  T H R E A D  ---------------

Current thread (0x000001eaf4504ac0):  JavaThread "C2 CompilerThread1" daemon [_thread_in_native, id=3268, stack(0x0000007ecf100000,0x0000007ecf200000)]


Current CompileTask:
C2:  60112 14964       4       org.gradle.cache.internal.ExclusiveCacheAccessingWorker$1::call (10 bytes)

Stack: [0x0000007ecf100000,0x0000007ecf200000],  sp=0x0000007ecf1fb720,  free space=1005k
Native frames: (J=compiled Java code, j=interpreted, Vv=VM code, C=native code)
V  [jvm.dll+0x2be0a9]
V  [jvm.dll+0x21ba8b]
V  [jvm.dll+0x21944b]
V  [jvm.dll+0x1a56b6]
V  [jvm.dll+0x2291ea]
V  [jvm.dll+0x22724c]
V  [jvm.dll+0x7efd0c]
V  [jvm.dll+0x7ea13a]
V  [jvm.dll+0x67ad85]
C  [ucrtbase.dll+0x21bb2]
C  [KERNEL32.DLL+0x17344]
C  [ntdll.dll+0x526b1]


siginfo: EXCEPTION_ACCESS_VIOLATION (0xc0000005), reading address 0x0000000000000028


Register to memory mapping:

RIP=0x00007fff618fe0a9 jvm.dll
RAX=0x000001eaec636f30 points into unknown readable memory: 0x0000000000000000 | 00 00 00 00 00 00 00 00
RBX=0x00000000000016df is an unknown value
RCX=0x0 is NULL
RDX=0x0 is NULL
RSP=0x0000007ecf1fb720 is pointing into the stack for thread: 0x000001eaf4504ac0
RBP=0x0000007ecf1fb790 is pointing into the stack for thread: 0x000001eaf4504ac0
RSI=0x0 is NULL
RDI=0x0000000000000047 is an unknown value
R8 =0x000000000000ffe0 is an unknown value
R9 =0x0 is NULL
R10=0x00007fffaca60000 VCRUNTIME140.dll
R11=0x000001eaec636f50 points into unknown readable memory: 0x0000000000000000 | 00 00 00 00 00 00 00 00
R12=0x0000000000000050 is an unknown value
R13=0x0 is NULL
R14=0x0 is NULL
R15=0x0000007ecf1fe940 is pointing into the stack for thread: 0x000001eaf4504ac0


Registers:
RAX=0x000001eaec636f30, RBX=0x00000000000016df, RCX=0x0000000000000000, RDX=0x0000000000000000
RSP=0x0000007ecf1fb720, RBP=0x0000007ecf1fb790, RSI=0x0000000000000000, RDI=0x0000000000000047
R8 =0x000000000000ffe0, R9 =0x0000000000000000, R10=0x00007fffaca60000, R11=0x000001eaec636f50
R12=0x0000000000000050, R13=0x0000000000000000, R14=0x0000000000000000, R15=0x0000007ecf1fe940
RIP=0x00007fff618fe0a9, EFLAGS=0x0000000000010202

Top of Stack: (sp=0x0000007ecf1fb720)
0x0000007ecf1fb720:   00000000000016df 0000000000000000
0x0000007ecf1fb730:   0000007ecf1fe940 00007fff618638d1
0x0000007ecf1fb740:   000001eaf698d7f0 00007fff00002000
0x0000007ecf1fb750:   000001eaec636f30 0000000000000000
0x0000007ecf1fb760:   0000000000000002 000001eaf4b20620
0x0000007ecf1fb770:   0000000000000002 000001eaf698d7f0
0x0000007ecf1fb780:   0000000000000000 0000000000000000
0x0000007ecf1fb790:   000001eaebd06540 000001eac54f8e50
0x0000007ecf1fb7a0:   0000000000000047 00007fff61f84c08
0x0000007ecf1fb7b0:   0000007ecf1fb8c0 00007fff6185ba8b
0x0000007ecf1fb7c0:   0000007ecf1fe940 00007fff61f84c08
0x0000007ecf1fb7d0:   0000007ecf1fe940 0000007ecf1fb8c0
0x0000007ecf1fb7e0:   0000007e00000000 0000007ecf1ff4a0
0x0000007ecf1fb7f0:   0000007e0000000f 0000007ecf1fe940
0x0000007ecf1fb800:   0000007ecf1fb970 00007fff00000000
0x0000007ecf1fb810:   000001ea00000100 00007fff61f84c08 

Instructions: (pc=0x00007fff618fe0a9)
0x00007fff618fdfa9:   3b d0 75 0b ff c1 41 3b c9 7c dc 48 8b c2 c3 33
0x00007fff618fdfb9:   c0 c3 cc cc cc cc cc 48 89 5c 24 18 55 56 57 41
0x00007fff618fdfc9:   55 41 57 48 8b ec 48 83 ec 70 65 48 8b 04 25 58
0x00007fff618fdfd9:   00 00 00 48 8b f2 44 8b 05 d2 8b 90 00 4c 8b f9
0x00007fff618fdfe9:   4a 8b 1c c0 b8 50 00 00 00 80 3c 18 00 75 05 e8
0x00007fff618fdff9:   8b 6f 5d 00 b8 20 00 00 00 48 8b 04 18 48 8b 98
0x00007fff618fe009:   38 02 00 00 48 89 5d b0 c7 45 b8 04 00 00 00 48
0x00007fff618fe019:   8b 43 18 48 83 f8 df 76 18 4c 8d 05 37 a9 65 00
0x00007fff618fe029:   ba 20 00 00 00 48 8b cb e8 5a eb de ff 48 8b 43
0x00007fff618fe039:   18 48 8d 48 20 48 3b 4b 20 76 11 45 33 c0 48 8b
0x00007fff618fe049:   cb 41 8d 50 20 e8 fd e8 de ff eb 04 48 89 4b 18
0x00007fff618fe059:   44 8b 45 b8 33 d2 49 c1 e0 03 48 8b c8 48 89 45
0x00007fff618fe069:   c0 e8 e3 80 5d 00 45 33 ed 48 8d 4d d0 44 89 6d
0x00007fff618fe079:   c8 e8 01 59 56 00 41 8b 9f 40 02 00 00 41 2b 9f
0x00007fff618fe089:   68 02 00 00 44 89 6d f0 3b 5d b8 72 0b 8b d3 48
0x00007fff618fe099:   8d 4d b0 e8 6f b3 39 00 48 8b 45 c0 4c 89 2c d8
0x00007fff618fe0a9:   8b 7e 28 8b df c1 eb 05 3b 5d d0 72 0b 8b d3 48
0x00007fff618fe0b9:   8d 4d d0 e8 1f 59 56 00 48 8b 45 d8 83 e7 1f 48
0x00007fff618fe0c9:   8d 14 98 40 0f b6 cf 41 b8 01 00 00 00 41 d3 e0
0x00007fff618fe0d9:   8b 0a 8b c1 41 0b c0 89 02 41 85 c8 75 21 8b 5d
0x00007fff618fe0e9:   c8 8d 43 01 89 45 c8 3b 5d b8 72 0b 8b d3 48 8d
0x00007fff618fe0f9:   4d b0 e8 10 b3 39 00 48 8b 45 c0 48 89 34 d8 44
0x00007fff618fe109:   39 6d c8 0f 86 77 01 00 00 4c 89 a4 24 a0 00 00
0x00007fff618fe119:   00 4c 89 b4 24 a8 00 00 00 48 8b 45 c0 41 8b cd
0x00007fff618fe129:   48 8b 34 c8 8b 46 2c 25 ff 1f 00 00 3d 04 10 00
0x00007fff618fe139:   00 0f 85 a7 00 00 00 bb 01 00 00 00 39 5e 18 76
0x00007fff618fe149:   39 66 0f 1f 44 00 00 48 8b 46 08 8b cb 48 8b 14
0x00007fff618fe159:   c8 48 85 d2 74 1d 48 83 7a 10 00 74 16 80 7a 2c
0x00007fff618fe169:   84 74 10 e8 7f 7e ee ff 48 8b d0 49 8b cf e8 a4
0x00007fff618fe179:   61 f6 ff ff c3 3b 5e 18 72 cd 48 8b 5e 10 8b 46
0x00007fff618fe189:   20 4c 8d 34 c3 49 3b de 73 54 48 8b 3b 8b 47 2c
0x00007fff618fe199:   83 e0 03 3c 03 75 2e 48 8b 07 48 8b cf ff 90 88 


Stack slot to memory mapping:
stack at sp + 0 slots: 0x00000000000016df is an unknown value
stack at sp + 1 slots: 0x0 is NULL
stack at sp + 2 slots: 0x0000007ecf1fe940 is pointing into the stack for thread: 0x000001eaf4504ac0
stack at sp + 3 slots: 0x00007fff618638d1 jvm.dll
stack at sp + 4 slots: 0x000001eaf698d7f0 points into unknown readable memory: 0x0000000000000006 | 06 00 00 00 00 00 00 00
stack at sp + 5 slots: 0x00007fff00002000 is an unknown value
stack at sp + 6 slots: 0x000001eaec636f30 points into unknown readable memory: 0x0000000000000000 | 00 00 00 00 00 00 00 00
stack at sp + 7 slots: 0x0 is NULL


---------------  P R O C E S S  ---------------

Threads class SMR info:
_java_thread_list=0x000001eaeef3d1a0, length=95, elements={
0x000001eac54e1d50, 0x000001eae4ff7460, 0x000001eae4ff81f0, 0x000001eae500ded0,
0x000001eae500ec60, 0x000001eae5012550, 0x000001eae5012e20, 0x000001eae5013ad0,
0x000001eae5059f40, 0x000001eae51b07e0, 0x000001eae5202680, 0x000001eae52cfa60,
0x000001eaeaaeaf20, 0x000001eaeb0110c0, 0x000001eaeaa47070, 0x000001eaeb7d58e0,
0x000001eaeb333e10, 0x000001eaea7bce70, 0x000001eaea7bba30, 0x000001eaea7bc450,
0x000001eaea7bc960, 0x000001eaea7bb520, 0x000001eaea826780, 0x000001eaea8276b0,
0x000001eaea8271a0, 0x000001eaea825850, 0x000001eaea826c90, 0x000001eaea823f00,
0x000001eaea824410, 0x000001eaea824e30, 0x000001eaea824920, 0x000001eaea825340,
0x000001eaea826270, 0x000001eaecfd51a0, 0x000001eaecfd4c90, 0x000001eaecfd5bc0,
0x000001eaecfd7a20, 0x000001eaecfd4270, 0x000001eaecfd56b0, 0x000001eaecfd60d0,
0x000001eaecfd65e0, 0x000001eaea308300, 0x000001eaea30ab80, 0x000001eaea308810,
0x000001eaea30bab0, 0x000001eaea309c50, 0x000001eaea30b090, 0x000001eaea309230,
0x000001eaea308d20, 0x000001eaea309740, 0x000001eaea3078e0, 0x000001eaea30a670,
0x000001eaea30b5a0, 0x000001eaea30bfc0, 0x000001eaea30c4d0, 0x000001eaea30d400,
0x000001eaea30c9e0, 0x000001eaea30e840, 0x000001eaea30d910, 0x000001eaea30de20,
0x000001eaea30e330, 0x000001eaea30ed50, 0x000001eaea307df0, 0x000001eaee9eec70,
0x000001eaee9efba0, 0x000001eaee9ee250, 0x000001eaee9f14f0, 0x000001eaee9f1f10,
0x000001eaee9eaaa0, 0x000001eaee9ed830, 0x000001eaee9ed320, 0x000001eaee9ec3f0,
0x000001eaee9eb4c0, 0x000001eaea30cef0, 0x000001eaee9ebee0, 0x000001eaf61d91f0,
0x000001eaf61d8ce0, 0x000001eaf61d9c10, 0x000001eaf61ded10, 0x000001eaf61d9700,
0x000001eaf61d87d0, 0x000001eaf61da120, 0x000001eaf61db050, 0x000001eaf61dba70,
0x000001eaf61dd3c0, 0x000001eaf61da630, 0x000001eaf61dab40, 0x000001eaf61ddde0,
0x000001eaf61d78a0, 0x000001eaf61db560, 0x000001eaf61d7db0, 0x000001eaf61dd8d0,
0x000001eaf61dbf80, 0x000001eaf61dc9a0, 0x000001eaf4504ac0
}

Java Threads: ( => current thread )
  0x000001eac54e1d50 JavaThread "main" [_thread_blocked, id=7768, stack(0x0000007ecbe00000,0x0000007ecbf00000)]
  0x000001eae4ff7460 JavaThread "Reference Handler" daemon [_thread_blocked, id=3956, stack(0x0000007ecc500000,0x0000007ecc600000)]
  0x000001eae4ff81f0 JavaThread "Finalizer" daemon [_thread_blocked, id=8128, stack(0x0000007ecc600000,0x0000007ecc700000)]
  0x000001eae500ded0 JavaThread "Signal Dispatcher" daemon [_thread_blocked, id=7436, stack(0x0000007ecc700000,0x0000007ecc800000)]
  0x000001eae500ec60 JavaThread "Attach Listener" daemon [_thread_blocked, id=11192, stack(0x0000007ecc800000,0x0000007ecc900000)]
  0x000001eae5012550 JavaThread "Service Thread" daemon [_thread_blocked, id=9104, stack(0x0000007ecc900000,0x0000007ecca00000)]
  0x000001eae5012e20 JavaThread "Monitor Deflation Thread" daemon [_thread_blocked, id=6108, stack(0x0000007ecca00000,0x0000007eccb00000)]
  0x000001eae5013ad0 JavaThread "C2 CompilerThread0" daemon [_thread_in_native, id=6868, stack(0x0000007eccb00000,0x0000007eccc00000)]
  0x000001eae5059f40 JavaThread "C1 CompilerThread0" daemon [_thread_blocked, id=10424, stack(0x0000007eccc00000,0x0000007eccd00000)]
  0x000001eae51b07e0 JavaThread "Sweeper thread" daemon [_thread_blocked, id=13692, stack(0x0000007eccd00000,0x0000007ecce00000)]
  0x000001eae5202680 JavaThread "Common-Cleaner" daemon [_thread_blocked, id=4592, stack(0x0000007ecce00000,0x0000007eccf00000)]
  0x000001eae52cfa60 JavaThread "Notification Thread" daemon [_thread_blocked, id=9192, stack(0x0000007eccf00000,0x0000007ecd000000)]
  0x000001eaeaaeaf20 JavaThread "Daemon health stats" [_thread_blocked, id=13528, stack(0x0000007ecd500000,0x0000007ecd600000)]
  0x000001eaeb0110c0 JavaThread "Incoming local TCP Connector on port 57607" [_thread_in_native, id=14304, stack(0x0000007ecd600000,0x0000007ecd700000)]
  0x000001eaeaa47070 JavaThread "Daemon periodic checks" [_thread_blocked, id=9788, stack(0x0000007ecd700000,0x0000007ecd800000)]
  0x000001eaeb7d58e0 JavaThread "Daemon" [_thread_blocked, id=8472, stack(0x0000007ecd800000,0x0000007ecd900000)]
  0x000001eaeb333e10 JavaThread "Handler for socket connection from /127.0.0.1:57607 to /127.0.0.1:57608" [_thread_in_native, id=9408, stack(0x0000007ecd900000,0x0000007ecda00000)]
  0x000001eaea7bce70 JavaThread "Cancel handler" [_thread_blocked, id=12068, stack(0x0000007ecda00000,0x0000007ecdb00000)]
  0x000001eaea7bba30 JavaThread "Daemon worker" [_thread_blocked, id=696, stack(0x0000007ecdb00000,0x0000007ecdc00000)]
  0x000001eaea7bc450 JavaThread "Asynchronous log dispatcher for DefaultDaemonConnection: socket connection from /127.0.0.1:57607 to /127.0.0.1:57608" [_thread_blocked, id=11612, stack(0x0000007ecdc00000,0x0000007ecdd00000)]
  0x000001eaea7bc960 JavaThread "Stdin handler" [_thread_blocked, id=12316, stack(0x0000007ecdd00000,0x0000007ecde00000)]
  0x000001eaea7bb520 JavaThread "Daemon client event forwarder" [_thread_blocked, id=8584, stack(0x0000007ecde00000,0x0000007ecdf00000)]
  0x000001eaea826780 JavaThread "Cache worker for journal cache (C:\Users\Hissam\.gradle\caches\journal-1)" [_thread_blocked, id=5528, stack(0x0000007ecdf00000,0x0000007ece000000)]
  0x000001eaea8276b0 JavaThread "File lock request listener" [_thread_in_native, id=12076, stack(0x0000007ece000000,0x0000007ece100000)]
  0x000001eaea8271a0 JavaThread "Cache worker for file hash cache (C:\Users\Hissam\.gradle\caches\8.3\fileHashes)" [_thread_blocked, id=2652, stack(0x0000007ece100000,0x0000007ece200000)]
  0x000001eaea825850 JavaThread "File watcher server" daemon [_thread_in_native, id=7544, stack(0x0000007ece200000,0x0000007ece300000)]
  0x000001eaea826c90 JavaThread "File watcher consumer" daemon [_thread_blocked, id=6448, stack(0x0000007ece300000,0x0000007ece400000)]
  0x000001eaea823f00 JavaThread "Cache worker for checksums cache (C:\Users\Hissam\Desktop\khan\AwesomeProject\android\.gradle\8.3\checksums)" [_thread_blocked, id=11880, stack(0x0000007ece400000,0x0000007ece500000)]
  0x000001eaea824410 JavaThread "Cache worker for file hash cache (C:\Users\Hissam\Desktop\khan\AwesomeProject\android\.gradle\8.3\fileHashes)" [_thread_blocked, id=12920, stack(0x0000007ece500000,0x0000007ece600000)]
  0x000001eaea824e30 JavaThread "Cache worker for cache directory md-supplier (C:\Users\Hissam\.gradle\caches\8.3\md-supplier)" [_thread_blocked, id=5400, stack(0x0000007ece600000,0x0000007ece700000)]
  0x000001eaea824920 JavaThread "Cache worker for file content cache (C:\Users\Hissam\.gradle\caches\8.3\fileContent)" [_thread_blocked, id=8668, stack(0x0000007ece700000,0x0000007ece800000)]
  0x000001eaea825340 JavaThread "Cache worker for cache directory md-rule (C:\Users\Hissam\.gradle\caches\8.3\md-rule)" [_thread_blocked, id=4916, stack(0x0000007ecd100000,0x0000007ecd200000)]
  0x000001eaea826270 JavaThread "Cache worker for execution history cache (C:\Users\Hissam\.gradle\caches\8.3\executionHistory)" [_thread_blocked, id=4340, stack(0x0000007ece900000,0x0000007ecea00000)]
  0x000001eaecfd51a0 JavaThread "jar transforms" [_thread_blocked, id=11204, stack(0x0000007eceb00000,0x0000007ecec00000)]
  0x000001eaecfd4c90 JavaThread "jar transforms Thread 2" [_thread_blocked, id=3516, stack(0x0000007ecec00000,0x0000007eced00000)]
  0x000001eaecfd5bc0 JavaThread "jar transforms Thread 3" [_thread_blocked, id=7400, stack(0x0000007eced00000,0x0000007ecee00000)]
  0x000001eaecfd7a20 JavaThread "jar transforms Thread 4" [_thread_blocked, id=1740, stack(0x0000007ecee00000,0x0000007ecef00000)]
  0x000001eaecfd4270 JavaThread "Cache worker for kotlin-dsl (C:\Users\Hissam\.gradle\caches\8.3\kotlin-dsl)" [_thread_blocked, id=12996, stack(0x0000007ecef00000,0x0000007ecf000000)]
  0x000001eaecfd56b0 JavaThread "Unconstrained build operations" [_thread_blocked, id=13996, stack(0x0000007ecea00000,0x0000007eceb00000)]
  0x000001eaecfd60d0 JavaThread "Unconstrained build operations Thread 2" [_thread_blocked, id=3764, stack(0x0000007ecf000000,0x0000007ecf100000)]
  0x000001eaecfd65e0 JavaThread "Cache worker for dependencies-accessors (C:\Users\Hissam\Desktop\khan\AwesomeProject\android\.gradle\8.3\dependencies-accessors)" [_thread_blocked, id=10684, stack(0x0000007ecf200000,0x0000007ecf300000)]
  0x000001eaea308300 JavaThread "Cache worker for Build Output Cleanup Cache (C:\Users\Hissam\Desktop\khan\AwesomeProject\node_modules\@react-native\gradle-plugin\.gradle\buildOutputCleanup)" [_thread_blocked, id=4776, stack(0x0000007ecf300000,0x0000007ecf400000)]
  0x000001eaea30ab80 JavaThread "Unconstrained build operations Thread 3" [_thread_blocked, id=4416, stack(0x0000007ecf400000,0x0000007ecf500000)]
  0x000001eaea308810 JavaThread "Unconstrained build operations Thread 4" [_thread_blocked, id=12652, stack(0x0000007ecf500000,0x0000007ecf600000)]
  0x000001eaea30bab0 JavaThread "Unconstrained build operations Thread 5" [_thread_blocked, id=13780, stack(0x0000007ecf600000,0x0000007ecf700000)]
  0x000001eaea309c50 JavaThread "Memory manager" [_thread_blocked, id=3316, stack(0x0000007ecf700000,0x0000007ecf800000)]
  0x000001eaea30b090 JavaThread "Cache worker for Build Output Cleanup Cache (C:\Users\Hissam\Desktop\khan\AwesomeProject\android\.gradle\buildOutputCleanup)" [_thread_blocked, id=12384, stack(0x0000007ecf800000,0x0000007ecf900000)]
  0x000001eaea309230 JavaThread "ForkJoinPool.commonPool-worker-1" daemon [_thread_blocked, id=2472, stack(0x0000007ecf900000,0x0000007ecfa00000)]
  0x000001eaea308d20 JavaThread "ForkJoinPool.commonPool-worker-2" daemon [_thread_blocked, id=1472, stack(0x0000007ecfa00000,0x0000007ecfb00000)]
  0x000001eaea309740 JavaThread "ForkJoinPool.commonPool-worker-3" daemon [_thread_blocked, id=5908, stack(0x0000007ecfb00000,0x0000007ecfc00000)]
  0x000001eaea3078e0 JavaThread "included builds" [_thread_blocked, id=12636, stack(0x0000007ecfc00000,0x0000007ecfd00000)]
  0x000001eaea30a670 JavaThread "Execution worker" [_thread_in_native, id=13652, stack(0x0000007ecfd00000,0x0000007ecfe00000)]
  0x000001eaea30b5a0 JavaThread "Execution worker Thread 2" [_thread_blocked, id=12104, stack(0x0000007ecfe00000,0x0000007ecff00000)]
  0x000001eaea30bfc0 JavaThread "Execution worker Thread 3" [_thread_blocked, id=8864, stack(0x0000007ecff00000,0x0000007ed0000000)]
  0x000001eaea30c4d0 JavaThread "Cache worker for execution history cache (C:\Users\Hissam\Desktop\khan\AwesomeProject\node_modules\@react-native\gradle-plugin\.gradle\8.3\executionHistory)" [_thread_blocked, id=8772, stack(0x0000007ed0000000,0x0000007ed0100000)]
  0x000001eaea30d400 JavaThread "Unconstrained build operations Thread 6" [_thread_blocked, id=1536, stack(0x0000007ed0100000,0x0000007ed0200000)]
  0x000001eaea30c9e0 JavaThread "Unconstrained build operations Thread 7" [_thread_blocked, id=928, stack(0x0000007ed0200000,0x0000007ed0300000)]
  0x000001eaea30e840 JavaThread "Unconstrained build operations Thread 8" [_thread_blocked, id=13512, stack(0x0000007ed0300000,0x0000007ed0400000)]
  0x000001eaea30d910 JavaThread "Unconstrained build operations Thread 9" [_thread_blocked, id=9068, stack(0x0000007ed0400000,0x0000007ed0500000)]
  0x000001eaea30de20 JavaThread "Unconstrained build operations Thread 10" [_thread_blocked, id=10584, stack(0x0000007ed0500000,0x0000007ed0600000)]
  0x000001eaea30e330 JavaThread "Unconstrained build operations Thread 11" [_thread_blocked, id=8008, stack(0x0000007ed0600000,0x0000007ed0700000)]
  0x000001eaea30ed50 JavaThread "Unconstrained build operations Thread 12" [_thread_blocked, id=3460, stack(0x0000007ed0700000,0x0000007ed0800000)]
  0x000001eaea307df0 JavaThread "Unconstrained build operations Thread 13" [_thread_blocked, id=2236, stack(0x0000007ed0800000,0x0000007ed0900000)]
  0x000001eaee9eec70 JavaThread "File lock release action executor" [_thread_blocked, id=13684, stack(0x0000007ed0900000,0x0000007ed0a00000)]
  0x000001eaee9efba0 JavaThread "Unconstrained build operations Thread 14" [_thread_blocked, id=6784, stack(0x0000007ed0c00000,0x0000007ed0d00000)]
  0x000001eaee9ee250 JavaThread "Unconstrained build operations Thread 15" [_thread_blocked, id=10752, stack(0x0000007ed0d00000,0x0000007ed0e00000)]
  0x000001eaee9f14f0 JavaThread "Unconstrained build operations Thread 16" [_thread_blocked, id=3512, stack(0x0000007ed0e00000,0x0000007ed0f00000)]
  0x000001eaee9f1f10 JavaThread "Unconstrained build operations Thread 17" [_thread_blocked, id=4512, stack(0x0000007ed0f00000,0x0000007ed1000000)]
  0x000001eaee9eaaa0 JavaThread "Unconstrained build operations Thread 18" [_thread_blocked, id=14236, stack(0x0000007ed1000000,0x0000007ed1100000)]
  0x000001eaee9ed830 JavaThread "Unconstrained build operations Thread 19" [_thread_blocked, id=7756, stack(0x0000007ed1100000,0x0000007ed1200000)]
  0x000001eaee9ed320 JavaThread "Unconstrained build operations Thread 20" [_thread_blocked, id=10904, stack(0x0000007ed1200000,0x0000007ed1300000)]
  0x000001eaee9ec3f0 JavaThread "Unconstrained build operations Thread 21" [_thread_blocked, id=10400, stack(0x0000007ed1300000,0x0000007ed1400000)]
  0x000001eaee9eb4c0 JavaThread "Unconstrained build operations Thread 22" [_thread_blocked, id=9956, stack(0x0000007ed1400000,0x0000007ed1500000)]
  0x000001eaea30cef0 JavaThread "pool-3-thread-1" [_thread_blocked, id=2348, stack(0x0000007ed1500000,0x0000007ed1600000)]
  0x000001eaee9ebee0 JavaThread "build event listener" [_thread_blocked, id=12436, stack(0x0000007ed1600000,0x0000007ed1700000)]
  0x000001eaf61d91f0 JavaThread "Unconstrained build operations Thread 23" [_thread_blocked, id=1292, stack(0x0000007ed1700000,0x0000007ed1800000)]
  0x000001eaf61d8ce0 JavaThread "Unconstrained build operations Thread 24" [_thread_blocked, id=8132, stack(0x0000007ed1800000,0x0000007ed1900000)]
  0x000001eaf61d9c10 JavaThread "Unconstrained build operations Thread 25" [_thread_blocked, id=6684, stack(0x0000007ed1900000,0x0000007ed1a00000)]
  0x000001eaf61ded10 JavaThread "Unconstrained build operations Thread 26" [_thread_blocked, id=11244, stack(0x0000007ed1a00000,0x0000007ed1b00000)]
  0x000001eaf61d9700 JavaThread "Unconstrained build operations Thread 27" [_thread_blocked, id=3724, stack(0x0000007ed1b00000,0x0000007ed1c00000)]
  0x000001eaf61d87d0 JavaThread "Unconstrained build operations Thread 28" [_thread_blocked, id=11060, stack(0x0000007ed1c00000,0x0000007ed1d00000)]
  0x000001eaf61da120 JavaThread "Unconstrained build operations Thread 29" [_thread_blocked, id=11636, stack(0x0000007ed1d00000,0x0000007ed1e00000)]
  0x000001eaf61db050 JavaThread "Unconstrained build operations Thread 30" [_thread_blocked, id=8852, stack(0x0000007ed1e00000,0x0000007ed1f00000)]
  0x000001eaf61dba70 JavaThread "Unconstrained build operations Thread 31" [_thread_blocked, id=3228, stack(0x0000007ed1f00000,0x0000007ed2000000)]
  0x000001eaf61dd3c0 JavaThread "Unconstrained build operations Thread 32" [_thread_blocked, id=2284, stack(0x0000007ed2000000,0x0000007ed2100000)]
  0x000001eaf61da630 JavaThread "Unconstrained build operations Thread 33" [_thread_blocked, id=968, stack(0x0000007ed2100000,0x0000007ed2200000)]
  0x000001eaf61dab40 JavaThread "Unconstrained build operations Thread 34" [_thread_blocked, id=13836, stack(0x0000007ed2200000,0x0000007ed2300000)]
  0x000001eaf61ddde0 JavaThread "Unconstrained build operations Thread 35" [_thread_blocked, id=9972, stack(0x0000007ed2300000,0x0000007ed2400000)]
  0x000001eaf61d78a0 JavaThread "Unconstrained build operations Thread 36" [_thread_blocked, id=224, stack(0x0000007ed2400000,0x0000007ed2500000)]
  0x000001eaf61db560 JavaThread "Unconstrained build operations Thread 37" [_thread_blocked, id=2628, stack(0x0000007ed2500000,0x0000007ed2600000)]
  0x000001eaf61d7db0 JavaThread "Unconstrained build operations Thread 38" [_thread_blocked, id=8332, stack(0x0000007ed2600000,0x0000007ed2700000)]
  0x000001eaf61dd8d0 JavaThread "Unconstrained build operations Thread 39" [_thread_blocked, id=5496, stack(0x0000007ed2700000,0x0000007ed2800000)]
  0x000001eaf61dbf80 JavaThread "Unconstrained build operations Thread 40" [_thread_blocked, id=11180, stack(0x0000007ed2800000,0x0000007ed2900000)]
  0x000001eaf61dc9a0 JavaThread "Cache worker for execution history cache (C:\Users\Hissam\Desktop\khan\AwesomeProject\android\.gradle\8.3\executionHistory)" [_thread_blocked, id=6368, stack(0x0000007ed2900000,0x0000007ed2a00000)]
=>0x000001eaf4504ac0 JavaThread "C2 CompilerThread1" daemon [_thread_in_native, id=3268, stack(0x0000007ecf100000,0x0000007ecf200000)]

Other Threads:
  0x000001eae4ff0180 VMThread "VM Thread" [stack: 0x0000007ecc400000,0x0000007ecc500000] [id=7980]
  0x000001eae52cff40 WatcherThread [stack: 0x0000007ecd000000,0x0000007ecd100000] [id=13808]
  0x000001eac553d350 GCTaskThread "GC Thread#0" [stack: 0x0000007ecbf00000,0x0000007ecc000000] [id=10320]
  0x000001eae53fe040 GCTaskThread "GC Thread#1" [stack: 0x0000007ecd200000,0x0000007ecd300000] [id=14164]
  0x000001eae58de530 GCTaskThread "GC Thread#2" [stack: 0x0000007ecd300000,0x0000007ecd400000] [id=1504]
  0x000001eae5d6f5a0 GCTaskThread "GC Thread#3" [stack: 0x0000007ecd400000,0x0000007ecd500000] [id=6480]
  0x000001eac55501d0 ConcurrentGCThread "G1 Main Marker" [stack: 0x0000007ecc000000,0x0000007ecc100000] [id=7784]
  0x000001eac5551290 ConcurrentGCThread "G1 Conc#0" [stack: 0x0000007ecc100000,0x0000007ecc200000] [id=7472]
  0x000001eae4ea84e0 ConcurrentGCThread "G1 Refine#0" [stack: 0x0000007ecc200000,0x0000007ecc300000] [id=4368]
  0x000001eaed2ad830 ConcurrentGCThread "G1 Refine#1" [stack: 0x0000007ece800000,0x0000007ece900000] [id=12040]
  0x000001eae4ea8e20 ConcurrentGCThread "G1 Service" [stack: 0x0000007ecc300000,0x0000007ecc400000] [id=7744]

Threads with active compile tasks:
C2 CompilerThread0    60391 14965       4       org.gradle.cache.internal.AsyncCacheAccessDecoratedCache$$Lambda$512/0x000001ea8147ca20::create (12 bytes)
C2 CompilerThread1    60391 14964       4       org.gradle.cache.internal.ExclusiveCacheAccessingWorker$1::call (10 bytes)

VM state: not at safepoint (normal execution)

VM Mutex/Monitor currently owned by a thread: None

Heap address: 0x0000000080000000, size: 2048 MB, Compressed Oops mode: 32-bit

CDS archive(s) mapped at: [0x000001ea80000000-0x000001ea80bd0000-0x000001ea80bd0000), size 12386304, SharedBaseAddress: 0x000001ea80000000, ArchiveRelocationMode: 1.
Compressed class space mapped at: 0x000001ea81000000-0x000001ea9b000000, reserved size: 436207616
Narrow klass base: 0x000001ea80000000, Narrow klass shift: 0, Narrow klass range: 0x100000000

GC Precious Log:
 CPUs: 4 total, 4 available
 Memory: 8071M
 Large Page Support: Disabled
 NUMA Support: Disabled
 Compressed Oops: Enabled (32-bit)
 Heap Region Size: 1M
 Heap Min Capacity: 8M
 Heap Initial Capacity: 128M
 Heap Max Capacity: 2G
 Pre-touch: Disabled
 Parallel Workers: 4
 Concurrent Workers: 1
 Concurrent Refinement Workers: 4
 Periodic GC: Disabled

Heap:
 garbage-first heap   total 233472K, used 187459K [0x0000000080000000, 0x0000000100000000)
  region size 1024K, 24 young (24576K), 3 survivors (3072K)
 Metaspace       used 101543K, committed 102464K, reserved 557056K
  class space    used 14010K, committed 14464K, reserved 425984K

Heap Regions: E=young(eden), S=young(survivor), O=old, HS=humongous(starts), HC=humongous(continues), CS=collection set, F=free, OA=open archive, CA=closed archive, TAMS=top-at-mark-start (previous, next)
|   0|0x0000000080000000, 0x0000000080100000, 0x0000000080100000|100%| O|  |TAMS 0x0000000080100000, 0x0000000080000000| Untracked 
|   1|0x0000000080100000, 0x0000000080200000, 0x0000000080200000|100%| O|  |TAMS 0x0000000080200000, 0x0000000080100000| Untracked 
|   2|0x0000000080200000, 0x0000000080300000, 0x0000000080300000|100%|HS|  |TAMS 0x0000000080300000, 0x0000000080200000| Complete 
|   3|0x0000000080300000, 0x0000000080400000, 0x0000000080400000|100%|HC|  |TAMS 0x0000000080400000, 0x0000000080300000| Complete 
|   4|0x0000000080400000, 0x0000000080500000, 0x0000000080500000|100%|HC|  |TAMS 0x0000000080500000, 0x0000000080400000| Complete 
|   5|0x0000000080500000, 0x0000000080600000, 0x0000000080600000|100%|HC|  |TAMS 0x0000000080600000, 0x0000000080500000| Complete 
|   6|0x0000000080600000, 0x0000000080700000, 0x0000000080700000|100%| O|  |TAMS 0x0000000080700000, 0x0000000080600000| Untracked 
|   7|0x0000000080700000, 0x0000000080800000, 0x0000000080800000|100%| O|  |TAMS 0x0000000080800000, 0x0000000080700000| Untracked 
|   8|0x0000000080800000, 0x0000000080900000, 0x0000000080900000|100%| O|  |TAMS 0x0000000080900000, 0x0000000080800000| Untracked 
|   9|0x0000000080900000, 0x0000000080a00000, 0x0000000080a00000|100%| O|  |TAMS 0x0000000080a00000, 0x0000000080900000| Untracked 
|  10|0x0000000080a00000, 0x0000000080b00000, 0x0000000080b00000|100%| O|  |TAMS 0x0000000080b00000, 0x0000000080a00000| Untracked 
|  11|0x0000000080b00000, 0x0000000080c00000, 0x0000000080c00000|100%| O|  |TAMS 0x0000000080c00000, 0x0000000080b00000| Untracked 
|  12|0x0000000080c00000, 0x0000000080d00000, 0x0000000080d00000|100%| O|  |TAMS 0x0000000080d00000, 0x0000000080c00000| Untracked 
|  13|0x0000000080d00000, 0x0000000080e00000, 0x0000000080e00000|100%| O|  |TAMS 0x0000000080e00000, 0x0000000080d00000| Untracked 
|  14|0x0000000080e00000, 0x0000000080f00000, 0x0000000080f00000|100%| O|  |TAMS 0x0000000080f00000, 0x0000000080e00000| Untracked 
|  15|0x0000000080f00000, 0x0000000081000000, 0x0000000081000000|100%| O|  |TAMS 0x0000000081000000, 0x0000000080f00000| Untracked 
|  16|0x0000000081000000, 0x0000000081100000, 0x0000000081100000|100%| O|  |TAMS 0x0000000081100000, 0x0000000081000000| Untracked 
|  17|0x0000000081100000, 0x0000000081200000, 0x0000000081200000|100%| O|  |TAMS 0x0000000081200000, 0x0000000081100000| Untracked 
|  18|0x0000000081200000, 0x0000000081300000, 0x0000000081300000|100%| O|  |TAMS 0x0000000081300000, 0x0000000081200000| Untracked 
|  19|0x0000000081300000, 0x00000000813e4200, 0x0000000081400000| 89%| O|  |TAMS 0x00000000813e4200, 0x0000000081300000| Untracked 
|  20|0x0000000081400000, 0x0000000081500000, 0x0000000081500000|100%|HS|  |TAMS 0x0000000081400000, 0x0000000081400000| Complete 
|  21|0x0000000081500000, 0x0000000081600000, 0x0000000081600000|100%| O|  |TAMS 0x0000000081600000, 0x0000000081500000| Untracked 
|  22|0x0000000081600000, 0x0000000081700000, 0x0000000081700000|100%| O|  |TAMS 0x0000000081700000, 0x0000000081600000| Untracked 
|  23|0x0000000081700000, 0x0000000081800000, 0x0000000081800000|100%| O|  |TAMS 0x0000000081800000, 0x0000000081700000| Untracked 
|  24|0x0000000081800000, 0x0000000081900000, 0x0000000081900000|100%| O|  |TAMS 0x0000000081900000, 0x0000000081800000| Untracked 
|  25|0x0000000081900000, 0x0000000081a00000, 0x0000000081a00000|100%| O|  |TAMS 0x0000000081a00000, 0x0000000081900000| Untracked 
|  26|0x0000000081a00000, 0x0000000081b00000, 0x0000000081b00000|100%| O|  |TAMS 0x0000000081b00000, 0x0000000081a00000| Untracked 
|  27|0x0000000081b00000, 0x0000000081c00000, 0x0000000081c00000|100%| O|  |TAMS 0x0000000081c00000, 0x0000000081b00000| Untracked 
|  28|0x0000000081c00000, 0x0000000081d00000, 0x0000000081d00000|100%| O|  |TAMS 0x0000000081d00000, 0x0000000081c00000| Untracked 
|  29|0x0000000081d00000, 0x0000000081e00000, 0x0000000081e00000|100%| O|  |TAMS 0x0000000081e00000, 0x0000000081d00000| Untracked 
|  30|0x0000000081e00000, 0x0000000081f00000, 0x0000000081f00000|100%| O|  |TAMS 0x0000000081f00000, 0x0000000081e00000| Untracked 
|  31|0x0000000081f00000, 0x0000000082000000, 0x0000000082000000|100%| O|  |TAMS 0x0000000082000000, 0x0000000081f00000| Untracked 
|  32|0x0000000082000000, 0x0000000082100000, 0x0000000082100000|100%| O|  |TAMS 0x0000000082100000, 0x0000000082000000| Untracked 
|  33|0x0000000082100000, 0x0000000082200000, 0x0000000082200000|100%| O|  |TAMS 0x0000000082200000, 0x0000000082100000| Untracked 
|  34|0x0000000082200000, 0x0000000082300000, 0x0000000082300000|100%| O|  |TAMS 0x0000000082300000, 0x0000000082200000| Untracked 
|  35|0x0000000082300000, 0x0000000082400000, 0x0000000082400000|100%| O|  |TAMS 0x0000000082400000, 0x0000000082300000| Untracked 
|  36|0x0000000082400000, 0x0000000082500000, 0x0000000082500000|100%| O|  |TAMS 0x0000000082500000, 0x0000000082400000| Untracked 
|  37|0x0000000082500000, 0x0000000082600000, 0x0000000082600000|100%|HS|  |TAMS 0x0000000082600000, 0x0000000082500000| Complete 
|  38|0x0000000082600000, 0x0000000082700000, 0x0000000082700000|100%|HC|  |TAMS 0x0000000082700000, 0x0000000082600000| Complete 
|  39|0x0000000082700000, 0x0000000082800000, 0x0000000082800000|100%|HS|  |TAMS 0x0000000082800000, 0x0000000082700000| Complete 
|  40|0x0000000082800000, 0x0000000082900000, 0x0000000082900000|100%|HC|  |TAMS 0x0000000082900000, 0x0000000082800000| Complete 
|  41|0x0000000082900000, 0x0000000082a00000, 0x0000000082a00000|100%| O|  |TAMS 0x0000000082a00000, 0x0000000082900000| Untracked 
|  42|0x0000000082a00000, 0x0000000082b00000, 0x0000000082b00000|100%|HS|  |TAMS 0x0000000082b00000, 0x0000000082a00000| Complete 
|  43|0x0000000082b00000, 0x0000000082c00000, 0x0000000082c00000|100%|HC|  |TAMS 0x0000000082c00000, 0x0000000082b00000| Complete 
|  44|0x0000000082c00000, 0x0000000082d00000, 0x0000000082d00000|100%|HC|  |TAMS 0x0000000082d00000, 0x0000000082c00000| Complete 
|  45|0x0000000082d00000, 0x0000000082e00000, 0x0000000082e00000|100%|HC|  |TAMS 0x0000000082e00000, 0x0000000082d00000| Complete 
|  46|0x0000000082e00000, 0x0000000082f00000, 0x0000000082f00000|100%| O|  |TAMS 0x0000000082f00000, 0x0000000082e00000| Untracked 
|  47|0x0000000082f00000, 0x0000000083000000, 0x0000000083000000|100%| O|  |TAMS 0x0000000083000000, 0x0000000082f00000| Untracked 
|  48|0x0000000083000000, 0x0000000083100000, 0x0000000083100000|100%| O|  |TAMS 0x0000000083100000, 0x0000000083000000| Untracked 
|  49|0x0000000083100000, 0x0000000083200000, 0x0000000083200000|100%| O|  |TAMS 0x0000000083200000, 0x0000000083100000| Untracked 
|  50|0x0000000083200000, 0x0000000083300000, 0x0000000083300000|100%| O|  |TAMS 0x0000000083300000, 0x0000000083200000| Untracked 
|  51|0x0000000083300000, 0x0000000083400000, 0x0000000083400000|100%|HS|  |TAMS 0x0000000083400000, 0x0000000083300000| Complete 
|  52|0x0000000083400000, 0x0000000083500000, 0x0000000083500000|100%|HC|  |TAMS 0x0000000083500000, 0x0000000083400000| Complete 
|  53|0x0000000083500000, 0x0000000083600000, 0x0000000083600000|100%|HC|  |TAMS 0x0000000083600000, 0x0000000083500000| Complete 
|  54|0x0000000083600000, 0x0000000083700000, 0x0000000083700000|100%|HC|  |TAMS 0x0000000083700000, 0x0000000083600000| Complete 
|  55|0x0000000083700000, 0x0000000083800000, 0x0000000083800000|100%| O|  |TAMS 0x0000000083800000, 0x0000000083700000| Untracked 
|  56|0x0000000083800000, 0x0000000083900000, 0x0000000083900000|100%| O|  |TAMS 0x0000000083900000, 0x0000000083800000| Untracked 
|  57|0x0000000083900000, 0x0000000083a00000, 0x0000000083a00000|100%| O|  |TAMS 0x0000000083a00000, 0x0000000083900000| Untracked 
|  58|0x0000000083a00000, 0x0000000083b00000, 0x0000000083b00000|100%| O|  |TAMS 0x0000000083b00000, 0x0000000083a00000| Untracked 
|  59|0x0000000083b00000, 0x0000000083c00000, 0x0000000083c00000|100%| O|  |TAMS 0x0000000083c00000, 0x0000000083b00000| Untracked 
|  60|0x0000000083c00000, 0x0000000083d00000, 0x0000000083d00000|100%| O|  |TAMS 0x0000000083d00000, 0x0000000083c00000| Untracked 
|  61|0x0000000083d00000, 0x0000000083e00000, 0x0000000083e00000|100%| O|  |TAMS 0x0000000083e00000, 0x0000000083d00000| Untracked 
|  62|0x0000000083e00000, 0x0000000083f00000, 0x0000000083f00000|100%|HS|  |TAMS 0x0000000083f00000, 0x0000000083e00000| Complete 
|  63|0x0000000083f00000, 0x0000000084000000, 0x0000000084000000|100%|HS|  |TAMS 0x0000000084000000, 0x0000000083f00000| Complete 
|  64|0x0000000084000000, 0x0000000084100000, 0x0000000084100000|100%|HS|  |TAMS 0x0000000084100000, 0x0000000084000000| Complete 
|  65|0x0000000084100000, 0x0000000084200000, 0x0000000084200000|100%| O|  |TAMS 0x0000000084200000, 0x0000000084100000| Untracked 
|  66|0x0000000084200000, 0x0000000084300000, 0x0000000084300000|100%|HS|  |TAMS 0x0000000084300000, 0x0000000084200000| Complete 
|  67|0x0000000084300000, 0x0000000084400000, 0x0000000084400000|100%| O|  |TAMS 0x0000000084400000, 0x0000000084300000| Untracked 
|  68|0x0000000084400000, 0x0000000084500000, 0x0000000084500000|100%| O|  |TAMS 0x0000000084500000, 0x0000000084400000| Untracked 
|  69|0x0000000084500000, 0x0000000084600000, 0x0000000084600000|100%| O|  |TAMS 0x0000000084600000, 0x0000000084500000| Untracked 
|  70|0x0000000084600000, 0x0000000084700000, 0x0000000084700000|100%| O|  |TAMS 0x0000000084700000, 0x0000000084600000| Untracked 
|  71|0x0000000084700000, 0x0000000084800000, 0x0000000084800000|100%| O|  |TAMS 0x0000000084800000, 0x0000000084700000| Untracked 
|  72|0x0000000084800000, 0x0000000084900000, 0x0000000084900000|100%| O|  |TAMS 0x0000000084900000, 0x0000000084800000| Untracked 
|  73|0x0000000084900000, 0x0000000084a00000, 0x0000000084a00000|100%| O|  |TAMS 0x0000000084a00000, 0x0000000084900000| Untracked 
|  74|0x0000000084a00000, 0x0000000084b00000, 0x0000000084b00000|100%| O|  |TAMS 0x0000000084b00000, 0x0000000084a00000| Untracked 
|  75|0x0000000084b00000, 0x0000000084c00000, 0x0000000084c00000|100%| O|  |TAMS 0x0000000084c00000, 0x0000000084b00000| Untracked 
|  76|0x0000000084c00000, 0x0000000084d00000, 0x0000000084d00000|100%| O|  |TAMS 0x0000000084d00000, 0x0000000084c00000| Untracked 
|  77|0x0000000084d00000, 0x0000000084e00000, 0x0000000084e00000|100%| O|  |TAMS 0x0000000084e00000, 0x0000000084d00000| Untracked 
|  78|0x0000000084e00000, 0x0000000084f00000, 0x0000000084f00000|100%| O|  |TAMS 0x0000000084e00000, 0x0000000084e00000| Untracked 
|  79|0x0000000084f00000, 0x0000000085000000, 0x0000000085000000|100%| O|  |TAMS 0x0000000085000000, 0x0000000084f00000| Untracked 
|  80|0x0000000085000000, 0x0000000085100000, 0x0000000085100000|100%| O|  |TAMS 0x0000000085100000, 0x0000000085000000| Untracked 
|  81|0x0000000085100000, 0x0000000085200000, 0x0000000085200000|100%| O|  |TAMS 0x0000000085200000, 0x0000000085100000| Untracked 
|  82|0x0000000085200000, 0x0000000085300000, 0x0000000085300000|100%| O|  |TAMS 0x0000000085300000, 0x0000000085200000| Untracked 
|  83|0x0000000085300000, 0x0000000085400000, 0x0000000085400000|100%| O|  |TAMS 0x0000000085400000, 0x0000000085300000| Untracked 
|  84|0x0000000085400000, 0x0000000085500000, 0x0000000085500000|100%| O|  |TAMS 0x0000000085500000, 0x0000000085400000| Untracked 
|  85|0x0000000085500000, 0x0000000085600000, 0x0000000085600000|100%| O|  |TAMS 0x00000000855eac00, 0x0000000085500000| Untracked 
|  86|0x0000000085600000, 0x0000000085700000, 0x0000000085700000|100%| O|  |TAMS 0x0000000085600000, 0x0000000085600000| Untracked 
|  87|0x0000000085700000, 0x0000000085800000, 0x0000000085800000|100%| O|  |TAMS 0x0000000085700000, 0x0000000085700000| Untracked 
|  88|0x0000000085800000, 0x0000000085900000, 0x0000000085900000|100%| O|  |TAMS 0x0000000085800000, 0x0000000085800000| Untracked 
|  89|0x0000000085900000, 0x0000000085a00000, 0x0000000085a00000|100%| O|  |TAMS 0x0000000085900000, 0x0000000085900000| Untracked 
|  90|0x0000000085a00000, 0x0000000085b00000, 0x0000000085b00000|100%| O|  |TAMS 0x0000000085a00000, 0x0000000085a00000| Untracked 
|  91|0x0000000085b00000, 0x0000000085c00000, 0x0000000085c00000|100%| O|  |TAMS 0x0000000085b00000, 0x0000000085b00000| Untracked 
|  92|0x0000000085c00000, 0x0000000085d00000, 0x0000000085d00000|100%| O|  |TAMS 0x0000000085c00000, 0x0000000085c00000| Untracked 
|  93|0x0000000085d00000, 0x0000000085e00000, 0x0000000085e00000|100%|HS|  |TAMS 0x0000000085d00000, 0x0000000085d00000| Complete 
|  94|0x0000000085e00000, 0x0000000085f00000, 0x0000000085f00000|100%|HS|  |TAMS 0x0000000085e00000, 0x0000000085e00000| Complete 
|  95|0x0000000085f00000, 0x0000000086000000, 0x0000000086000000|100%|HS|  |TAMS 0x0000000085f00000, 0x0000000085f00000| Complete 
|  96|0x0000000086000000, 0x0000000086100000, 0x0000000086100000|100%|HC|  |TAMS 0x0000000086000000, 0x0000000086000000| Complete 
|  97|0x0000000086100000, 0x0000000086200000, 0x0000000086200000|100%|HS|  |TAMS 0x0000000086100000, 0x0000000086100000| Complete 
|  98|0x0000000086200000, 0x0000000086300000, 0x0000000086300000|100%| O|  |TAMS 0x0000000086200000, 0x0000000086200000| Untracked 
|  99|0x0000000086300000, 0x0000000086400000, 0x0000000086400000|100%| O|  |TAMS 0x0000000086300000, 0x0000000086300000| Untracked 
| 100|0x0000000086400000, 0x0000000086500000, 0x0000000086500000|100%| O|  |TAMS 0x0000000086400000, 0x0000000086400000| Untracked 
| 101|0x0000000086500000, 0x0000000086600000, 0x0000000086600000|100%| O|  |TAMS 0x0000000086500000, 0x0000000086500000| Untracked 
| 102|0x0000000086600000, 0x0000000086700000, 0x0000000086700000|100%| O|  |TAMS 0x0000000086600000, 0x0000000086600000| Untracked 
| 103|0x0000000086700000, 0x0000000086800000, 0x0000000086800000|100%| O|  |TAMS 0x0000000086700000, 0x0000000086700000| Untracked 
| 104|0x0000000086800000, 0x0000000086900000, 0x0000000086900000|100%| O|  |TAMS 0x0000000086800000, 0x0000000086800000| Untracked 
| 105|0x0000000086900000, 0x0000000086a00000, 0x0000000086a00000|100%| O|  |TAMS 0x0000000086900000, 0x0000000086900000| Untracked 
| 106|0x0000000086a00000, 0x0000000086b00000, 0x0000000086b00000|100%| O|  |TAMS 0x0000000086a00000, 0x0000000086a00000| Untracked 
| 107|0x0000000086b00000, 0x0000000086c00000, 0x0000000086c00000|100%| O|  |TAMS 0x0000000086b00000, 0x0000000086b00000| Untracked 
| 108|0x0000000086c00000, 0x0000000086d00000, 0x0000000086d00000|100%| O|  |TAMS 0x0000000086c00000, 0x0000000086c00000| Untracked 
| 109|0x0000000086d00000, 0x0000000086e00000, 0x0000000086e00000|100%| O|  |TAMS 0x0000000086d00000, 0x0000000086d00000| Untracked 
| 110|0x0000000086e00000, 0x0000000086f00000, 0x0000000086f00000|100%|HS|  |TAMS 0x0000000086e00000, 0x0000000086e00000| Complete 
| 111|0x0000000086f00000, 0x0000000087000000, 0x0000000087000000|100%| O|  |TAMS 0x0000000086f00000, 0x0000000086f00000| Untracked 
| 112|0x0000000087000000, 0x0000000087100000, 0x0000000087100000|100%| O|  |TAMS 0x0000000087000000, 0x0000000087000000| Untracked 
| 113|0x0000000087100000, 0x0000000087200000, 0x0000000087200000|100%| O|  |TAMS 0x0000000087100000, 0x0000000087100000| Untracked 
| 114|0x0000000087200000, 0x0000000087300000, 0x0000000087300000|100%| O|  |TAMS 0x0000000087200000, 0x0000000087200000| Untracked 
| 115|0x0000000087300000, 0x0000000087400000, 0x0000000087400000|100%| O|  |TAMS 0x0000000087300000, 0x0000000087300000| Untracked 
| 116|0x0000000087400000, 0x0000000087500000, 0x0000000087500000|100%| O|  |TAMS 0x0000000087400000, 0x0000000087400000| Untracked 
| 117|0x0000000087500000, 0x0000000087600000, 0x0000000087600000|100%| O|  |TAMS 0x0000000087500000, 0x0000000087500000| Untracked 
| 118|0x0000000087600000, 0x0000000087700000, 0x0000000087700000|100%| O|  |TAMS 0x0000000087600000, 0x0000000087600000| Untracked 
| 119|0x0000000087700000, 0x0000000087800000, 0x0000000087800000|100%| O|  |TAMS 0x0000000087700000, 0x0000000087700000| Untracked 
| 120|0x0000000087800000, 0x0000000087900000, 0x0000000087900000|100%| O|  |TAMS 0x0000000087800000, 0x0000000087800000| Untracked 
| 121|0x0000000087900000, 0x0000000087a00000, 0x0000000087a00000|100%| O|  |TAMS 0x0000000087900000, 0x0000000087900000| Untracked 
| 122|0x0000000087a00000, 0x0000000087b00000, 0x0000000087b00000|100%| O|  |TAMS 0x0000000087a00000, 0x0000000087a00000| Untracked 
| 123|0x0000000087b00000, 0x0000000087c00000, 0x0000000087c00000|100%| O|  |TAMS 0x0000000087b00000, 0x0000000087b00000| Untracked 
| 124|0x0000000087c00000, 0x0000000087d00000, 0x0000000087d00000|100%| O|  |TAMS 0x0000000087c00000, 0x0000000087c00000| Untracked 
| 125|0x0000000087d00000, 0x0000000087e00000, 0x0000000087e00000|100%| O|  |TAMS 0x0000000087d00000, 0x0000000087d00000| Untracked 
| 126|0x0000000087e00000, 0x0000000087f00000, 0x0000000087f00000|100%| O|  |TAMS 0x0000000087e00000, 0x0000000087e00000| Untracked 
| 127|0x0000000087f00000, 0x0000000088000000, 0x0000000088000000|100%| O|  |TAMS 0x0000000087f00000, 0x0000000087f00000| Untracked 
| 128|0x0000000088000000, 0x0000000088100000, 0x0000000088100000|100%| O|  |TAMS 0x0000000088000000, 0x0000000088000000| Untracked 
| 129|0x0000000088100000, 0x0000000088200000, 0x0000000088200000|100%| O|  |TAMS 0x0000000088100000, 0x0000000088100000| Untracked 
| 130|0x0000000088200000, 0x0000000088300000, 0x0000000088300000|100%| O|  |TAMS 0x0000000088200000, 0x0000000088200000| Untracked 
| 131|0x0000000088300000, 0x0000000088400000, 0x0000000088400000|100%| O|  |TAMS 0x0000000088300000, 0x0000000088300000| Untracked 
| 132|0x0000000088400000, 0x0000000088500000, 0x0000000088500000|100%| O|  |TAMS 0x0000000088400000, 0x0000000088400000| Untracked 
| 133|0x0000000088500000, 0x0000000088600000, 0x0000000088600000|100%| O|  |TAMS 0x0000000088500000, 0x0000000088500000| Untracked 
| 134|0x0000000088600000, 0x0000000088700000, 0x0000000088700000|100%| O|  |TAMS 0x0000000088600000, 0x0000000088600000| Untracked 
| 135|0x0000000088700000, 0x0000000088800000, 0x0000000088800000|100%| O|  |TAMS 0x0000000088700000, 0x0000000088700000| Untracked 
| 136|0x0000000088800000, 0x0000000088900000, 0x0000000088900000|100%| O|  |TAMS 0x0000000088800000, 0x0000000088800000| Untracked 
| 137|0x0000000088900000, 0x0000000088a00000, 0x0000000088a00000|100%| O|  |TAMS 0x0000000088900000, 0x0000000088900000| Untracked 
| 138|0x0000000088a00000, 0x0000000088b00000, 0x0000000088b00000|100%| O|  |TAMS 0x0000000088a00000, 0x0000000088a00000| Untracked 
| 139|0x0000000088b00000, 0x0000000088c00000, 0x0000000088c00000|100%| O|  |TAMS 0x0000000088b00000, 0x0000000088b00000| Untracked 
| 140|0x0000000088c00000, 0x0000000088d00000, 0x0000000088d00000|100%| O|  |TAMS 0x0000000088c00000, 0x0000000088c00000| Untracked 
| 141|0x0000000088d00000, 0x0000000088e00000, 0x0000000088e00000|100%| O|  |TAMS 0x0000000088d00000, 0x0000000088d00000| Untracked 
| 142|0x0000000088e00000, 0x0000000088f00000, 0x0000000088f00000|100%| O|  |TAMS 0x0000000088e00000, 0x0000000088e00000| Untracked 
| 143|0x0000000088f00000, 0x0000000089000000, 0x0000000089000000|100%| O|  |TAMS 0x0000000088f00000, 0x0000000088f00000| Untracked 
| 144|0x0000000089000000, 0x0000000089039400, 0x0000000089100000| 22%| O|  |TAMS 0x0000000089000000, 0x0000000089000000| Untracked 
| 145|0x0000000089100000, 0x0000000089100000, 0x0000000089200000|  0%| F|  |TAMS 0x0000000089100000, 0x0000000089100000| Untracked 
| 146|0x0000000089200000, 0x0000000089300000, 0x0000000089300000|100%| O|  |TAMS 0x0000000089200000, 0x0000000089200000| Untracked 
| 147|0x0000000089300000, 0x0000000089400000, 0x0000000089400000|100%| O|  |TAMS 0x0000000089300000, 0x0000000089300000| Untracked 
| 148|0x0000000089400000, 0x0000000089500000, 0x0000000089500000|100%| O|  |TAMS 0x0000000089400000, 0x0000000089400000| Untracked 
| 149|0x0000000089500000, 0x0000000089600000, 0x0000000089600000|100%| O|  |TAMS 0x0000000089500000, 0x0000000089500000| Untracked 
| 150|0x0000000089600000, 0x0000000089700000, 0x0000000089700000|100%| O|  |TAMS 0x0000000089600000, 0x0000000089600000| Untracked 
| 151|0x0000000089700000, 0x0000000089800000, 0x0000000089800000|100%| O|  |TAMS 0x0000000089700000, 0x0000000089700000| Untracked 
| 152|0x0000000089800000, 0x0000000089900000, 0x0000000089900000|100%| O|  |TAMS 0x0000000089800000, 0x0000000089800000| Untracked 
| 153|0x0000000089900000, 0x0000000089a00000, 0x0000000089a00000|100%| O|  |TAMS 0x0000000089900000, 0x0000000089900000| Untracked 
| 154|0x0000000089a00000, 0x0000000089b00000, 0x0000000089b00000|100%| O|  |TAMS 0x0000000089a00000, 0x0000000089a00000| Untracked 
| 155|0x0000000089b00000, 0x0000000089c00000, 0x0000000089c00000|100%| O|  |TAMS 0x0000000089b00000, 0x0000000089b00000| Untracked 
| 156|0x0000000089c00000, 0x0000000089d00000, 0x0000000089d00000|100%| O|  |TAMS 0x0000000089c00000, 0x0000000089c00000| Untracked 
| 157|0x0000000089d00000, 0x0000000089e00000, 0x0000000089e00000|100%| O|  |TAMS 0x0000000089d00000, 0x0000000089d00000| Untracked 
| 158|0x0000000089e00000, 0x0000000089f00000, 0x0000000089f00000|100%| O|  |TAMS 0x0000000089e00000, 0x0000000089e00000| Untracked 
| 159|0x0000000089f00000, 0x000000008a000000, 0x000000008a000000|100%|HS|  |TAMS 0x0000000089f00000, 0x0000000089f00000| Complete 
| 160|0x000000008a000000, 0x000000008a100000, 0x000000008a100000|100%|HC|  |TAMS 0x000000008a000000, 0x000000008a000000| Complete 
| 161|0x000000008a100000, 0x000000008a200000, 0x000000008a200000|100%|HS|  |TAMS 0x000000008a100000, 0x000000008a100000| Complete 
| 162|0x000000008a200000, 0x000000008a300000, 0x000000008a300000|100%|HC|  |TAMS 0x000000008a200000, 0x000000008a200000| Complete 
| 163|0x000000008a300000, 0x000000008a300000, 0x000000008a400000|  0%| F|  |TAMS 0x000000008a300000, 0x000000008a300000| Untracked 
| 164|0x000000008a400000, 0x000000008a400000, 0x000000008a500000|  0%| F|  |TAMS 0x000000008a400000, 0x000000008a400000| Untracked 
| 165|0x000000008a500000, 0x000000008a500000, 0x000000008a600000|  0%| F|  |TAMS 0x000000008a500000, 0x000000008a500000| Untracked 
| 166|0x000000008a600000, 0x000000008a600000, 0x000000008a700000|  0%| F|  |TAMS 0x000000008a600000, 0x000000008a600000| Untracked 
| 167|0x000000008a700000, 0x000000008a700000, 0x000000008a800000|  0%| F|  |TAMS 0x000000008a700000, 0x000000008a700000| Untracked 
| 168|0x000000008a800000, 0x000000008a800000, 0x000000008a900000|  0%| F|  |TAMS 0x000000008a800000, 0x000000008a800000| Untracked 
| 169|0x000000008a900000, 0x000000008a900000, 0x000000008aa00000|  0%| F|  |TAMS 0x000000008a900000, 0x000000008a900000| Untracked 
| 170|0x000000008aa00000, 0x000000008aa00000, 0x000000008ab00000|  0%| F|  |TAMS 0x000000008aa00000, 0x000000008aa00000| Untracked 
| 171|0x000000008ab00000, 0x000000008ab00000, 0x000000008ac00000|  0%| F|  |TAMS 0x000000008ab00000, 0x000000008ab00000| Untracked 
| 172|0x000000008ac00000, 0x000000008ac00000, 0x000000008ad00000|  0%| F|  |TAMS 0x000000008ac00000, 0x000000008ac00000| Untracked 
| 173|0x000000008ad00000, 0x000000008ad00000, 0x000000008ae00000|  0%| F|  |TAMS 0x000000008ad00000, 0x000000008ad00000| Untracked 
| 174|0x000000008ae00000, 0x000000008ae00000, 0x000000008af00000|  0%| F|  |TAMS 0x000000008ae00000, 0x000000008ae00000| Untracked 
| 175|0x000000008af00000, 0x000000008af00000, 0x000000008b000000|  0%| F|  |TAMS 0x000000008af00000, 0x000000008af00000| Untracked 
| 176|0x000000008b000000, 0x000000008b000000, 0x000000008b100000|  0%| F|  |TAMS 0x000000008b000000, 0x000000008b000000| Untracked 
| 177|0x000000008b100000, 0x000000008b100000, 0x000000008b200000|  0%| F|  |TAMS 0x000000008b100000, 0x000000008b100000| Untracked 
| 178|0x000000008b200000, 0x000000008b200000, 0x000000008b300000|  0%| F|  |TAMS 0x000000008b200000, 0x000000008b200000| Untracked 
| 179|0x000000008b300000, 0x000000008b300000, 0x000000008b400000|  0%| F|  |TAMS 0x000000008b300000, 0x000000008b300000| Untracked 
| 180|0x000000008b400000, 0x000000008b400000, 0x000000008b500000|  0%| F|  |TAMS 0x000000008b400000, 0x000000008b400000| Untracked 
| 181|0x000000008b500000, 0x000000008b500000, 0x000000008b600000|  0%| F|  |TAMS 0x000000008b500000, 0x000000008b500000| Untracked 
| 182|0x000000008b600000, 0x000000008b600000, 0x000000008b700000|  0%| F|  |TAMS 0x000000008b600000, 0x000000008b600000| Untracked 
| 183|0x000000008b700000, 0x000000008b700000, 0x000000008b800000|  0%| F|  |TAMS 0x000000008b700000, 0x000000008b700000| Untracked 
| 184|0x000000008b800000, 0x000000008b800000, 0x000000008b900000|  0%| F|  |TAMS 0x000000008b800000, 0x000000008b800000| Untracked 
| 185|0x000000008b900000, 0x000000008b900000, 0x000000008ba00000|  0%| F|  |TAMS 0x000000008b900000, 0x000000008b900000| Untracked 
| 186|0x000000008ba00000, 0x000000008baf3660, 0x000000008bb00000| 95%| S|CS|TAMS 0x000000008ba00000, 0x000000008ba00000| Complete 
| 187|0x000000008bb00000, 0x000000008bc00000, 0x000000008bc00000|100%| S|CS|TAMS 0x000000008bb00000, 0x000000008bb00000| Complete 
| 188|0x000000008bc00000, 0x000000008bc00000, 0x000000008bd00000|  0%| F|  |TAMS 0x000000008bc00000, 0x000000008bc00000| Untracked 
| 189|0x000000008bd00000, 0x000000008bd00000, 0x000000008be00000|  0%| F|  |TAMS 0x000000008bd00000, 0x000000008bd00000| Untracked 
| 190|0x000000008be00000, 0x000000008be00000, 0x000000008bf00000|  0%| F|  |TAMS 0x000000008be00000, 0x000000008be00000| Untracked 
| 191|0x000000008bf00000, 0x000000008c000000, 0x000000008c000000|100%| S|CS|TAMS 0x000000008bf00000, 0x000000008bf00000| Complete 
| 192|0x000000008c000000, 0x000000008c000000, 0x000000008c100000|  0%| F|  |TAMS 0x000000008c000000, 0x000000008c000000| Untracked 
| 193|0x000000008c100000, 0x000000008c100000, 0x000000008c200000|  0%| F|  |TAMS 0x000000008c100000, 0x000000008c100000| Untracked 
| 194|0x000000008c200000, 0x000000008c200000, 0x000000008c300000|  0%| F|  |TAMS 0x000000008c200000, 0x000000008c200000| Untracked 
| 195|0x000000008c300000, 0x000000008c300000, 0x000000008c400000|  0%| F|  |TAMS 0x000000008c300000, 0x000000008c300000| Untracked 
| 196|0x000000008c400000, 0x000000008c400000, 0x000000008c500000|  0%| F|  |TAMS 0x000000008c400000, 0x000000008c400000| Untracked 
| 197|0x000000008c500000, 0x000000008c500000, 0x000000008c600000|  0%| F|  |TAMS 0x000000008c500000, 0x000000008c500000| Untracked 
| 198|0x000000008c600000, 0x000000008c600000, 0x000000008c700000|  0%| F|  |TAMS 0x000000008c600000, 0x000000008c600000| Untracked 
| 199|0x000000008c700000, 0x000000008c700000, 0x000000008c800000|  0%| F|  |TAMS 0x000000008c700000, 0x000000008c700000| Untracked 
| 200|0x000000008c800000, 0x000000008c800000, 0x000000008c900000|  0%| F|  |TAMS 0x000000008c800000, 0x000000008c800000| Untracked 
| 201|0x000000008c900000, 0x000000008c900000, 0x000000008ca00000|  0%| F|  |TAMS 0x000000008c900000, 0x000000008c900000| Untracked 
| 202|0x000000008ca00000, 0x000000008ca00000, 0x000000008cb00000|  0%| F|  |TAMS 0x000000008ca00000, 0x000000008ca00000| Untracked 
| 203|0x000000008cb00000, 0x000000008cb00000, 0x000000008cc00000|  0%| F|  |TAMS 0x000000008cb00000, 0x000000008cb00000| Untracked 
| 204|0x000000008cc00000, 0x000000008cc00000, 0x000000008cd00000|  0%| F|  |TAMS 0x000000008cc00000, 0x000000008cc00000| Untracked 
| 205|0x000000008cd00000, 0x000000008cd00000, 0x000000008ce00000|  0%| F|  |TAMS 0x000000008cd00000, 0x000000008cd00000| Untracked 
| 206|0x000000008ce00000, 0x000000008ce1aa90, 0x000000008cf00000| 10%| E|  |TAMS 0x000000008ce00000, 0x000000008ce00000| Complete 
| 207|0x000000008cf00000, 0x000000008d000000, 0x000000008d000000|100%| E|CS|TAMS 0x000000008cf00000, 0x000000008cf00000| Complete 
| 208|0x000000008d000000, 0x000000008d100000, 0x000000008d100000|100%| E|CS|TAMS 0x000000008d000000, 0x000000008d000000| Complete 
| 209|0x000000008d100000, 0x000000008d200000, 0x000000008d200000|100%| E|CS|TAMS 0x000000008d100000, 0x000000008d100000| Complete 
| 210|0x000000008d200000, 0x000000008d300000, 0x000000008d300000|100%| E|CS|TAMS 0x000000008d200000, 0x000000008d200000| Complete 
| 211|0x000000008d300000, 0x000000008d400000, 0x000000008d400000|100%| E|CS|TAMS 0x000000008d300000, 0x000000008d300000| Complete 
| 212|0x000000008d400000, 0x000000008d500000, 0x000000008d500000|100%| E|  |TAMS 0x000000008d400000, 0x000000008d400000| Complete 
| 213|0x000000008d500000, 0x000000008d600000, 0x000000008d600000|100%| E|CS|TAMS 0x000000008d500000, 0x000000008d500000| Complete 
| 214|0x000000008d600000, 0x000000008d700000, 0x000000008d700000|100%| E|CS|TAMS 0x000000008d600000, 0x000000008d600000| Complete 
| 215|0x000000008d700000, 0x000000008d800000, 0x000000008d800000|100%| E|CS|TAMS 0x000000008d700000, 0x000000008d700000| Complete 
| 216|0x000000008d800000, 0x000000008d900000, 0x000000008d900000|100%| E|CS|TAMS 0x000000008d800000, 0x000000008d800000| Complete 
| 217|0x000000008d900000, 0x000000008da00000, 0x000000008da00000|100%| E|CS|TAMS 0x000000008d900000, 0x000000008d900000| Complete 
| 218|0x000000008da00000, 0x000000008db00000, 0x000000008db00000|100%| E|CS|TAMS 0x000000008da00000, 0x000000008da00000| Complete 
| 219|0x000000008db00000, 0x000000008dc00000, 0x000000008dc00000|100%| E|CS|TAMS 0x000000008db00000, 0x000000008db00000| Complete 
| 220|0x000000008dc00000, 0x000000008dd00000, 0x000000008dd00000|100%| E|CS|TAMS 0x000000008dc00000, 0x000000008dc00000| Complete 
| 221|0x000000008dd00000, 0x000000008de00000, 0x000000008de00000|100%| E|CS|TAMS 0x000000008dd00000, 0x000000008dd00000| Complete 
| 222|0x000000008de00000, 0x000000008df00000, 0x000000008df00000|100%| E|CS|TAMS 0x000000008de00000, 0x000000008de00000| Complete 
| 223|0x000000008df00000, 0x000000008e000000, 0x000000008e000000|100%| E|CS|TAMS 0x000000008df00000, 0x000000008df00000| Complete 
| 224|0x000000008e000000, 0x000000008e100000, 0x000000008e100000|100%| E|CS|TAMS 0x000000008e000000, 0x000000008e000000| Complete 
| 225|0x000000008e100000, 0x000000008e200000, 0x000000008e200000|100%| E|CS|TAMS 0x000000008e100000, 0x000000008e100000| Complete 
| 226|0x000000008e200000, 0x000000008e300000, 0x000000008e300000|100%| E|CS|TAMS 0x000000008e200000, 0x000000008e200000| Complete 
| 227|0x000000008e300000, 0x000000008e400000, 0x000000008e400000|100%| E|CS|TAMS 0x000000008e300000, 0x000000008e300000| Complete 

Card table byte_map: [0x000001eade1e0000,0x000001eade5e0000] _byte_map_base: 0x000001eaddde0000

Marking Bits (Prev, Next): (CMBitMap*) 0x000001eac553e890, (CMBitMap*) 0x000001eac553e8d0
 Prev Bits: [0x000001eade9e0000, 0x000001eae09e0000)
 Next Bits: [0x000001eae09e0000, 0x000001eae29e0000)

Polling page: 0x000001eac55a0000

Metaspace:

Usage:
  Non-class:     85.48 MB used.
      Class:     13.68 MB used.
       Both:     99.16 MB used.

Virtual space:
  Non-class space:      128.00 MB reserved,      85.94 MB ( 67%) committed,  2 nodes.
      Class space:      416.00 MB reserved,      14.12 MB (  3%) committed,  1 nodes.
             Both:      544.00 MB reserved,     100.06 MB ( 18%) committed. 

Chunk freelists:
   Non-Class:  10.09 MB
       Class:  1.88 MB
        Both:  11.97 MB

MaxMetaspaceSize: 512.00 MB
CompressedClassSpaceSize: 416.00 MB
Initial GC threshold: 21.00 MB
Current GC threshold: 128.06 MB
CDS: on
MetaspaceReclaimPolicy: balanced
 - commit_granule_bytes: 65536.
 - commit_granule_words: 8192.
 - virtual_space_node_default_size: 8388608.
 - enlarge_chunks_in_place: 1.
 - new_chunks_are_fully_committed: 0.
 - uncommit_free_chunks: 1.
 - use_allocation_guard: 0.
 - handle_deallocations: 1.


Internal statistics:

num_allocs_failed_limit: 6.
num_arena_births: 1204.
num_arena_deaths: 0.
num_vsnodes_births: 3.
num_vsnodes_deaths: 0.
num_space_committed: 1600.
num_space_uncommitted: 0.
num_chunks_returned_to_freelist: 6.
num_chunks_taken_from_freelist: 5594.
num_chunk_merges: 6.
num_chunk_splits: 3666.
num_chunks_enlarged: 2378.
num_inconsistent_stats: 0.

CodeHeap 'non-profiled nmethods': size=120000Kb used=8301Kb max_used=8301Kb free=111698Kb
 bounds [0x000001ead6290000, 0x000001ead6ab0000, 0x000001eadd7c0000]
CodeHeap 'profiled nmethods': size=120000Kb used=25427Kb max_used=25427Kb free=94572Kb
 bounds [0x000001eace7c0000, 0x000001ead00a0000, 0x000001ead5cf0000]
CodeHeap 'non-nmethods': size=5760Kb used=2402Kb max_used=2491Kb free=3357Kb
 bounds [0x000001ead5cf0000, 0x000001ead5f80000, 0x000001ead6290000]
 total_blobs=13727 nmethods=12791 adapters=846
 compilation: enabled
              stopped_count=0, restarted_count=0
 full_count=0

Compilation events (20 events):
Event: 60.016 Thread 0x000001eae5059f40 14982       2       java.util.TimSort::sort (229 bytes)
Event: 60.016 Thread 0x000001eae5059f40 nmethod 14982 0x000001eace995010 code [0x000001eace995220, 0x000001eace9956f8]
Event: 60.022 Thread 0x000001eae5059f40 14983       3       org.gradle.internal.execution.steps.CaptureStateBeforeExecutionStep$$Lambda$600/0x000001ea8151b5c8::accept (14 bytes)
Event: 60.023 Thread 0x000001eae5059f40 nmethod 14983 0x000001eace994990 code [0x000001eace994b40, 0x000001eace994e28]
Event: 60.027 Thread 0x000001eae5059f40 14984       3       org.gradle.internal.execution.steps.ValidateStep$1::visitImplementation (12 bytes)
Event: 60.027 Thread 0x000001eae5059f40 nmethod 14984 0x000001eacedbb010 code [0x000001eacedbb1c0, 0x000001eacedbb368]
Event: 60.029 Thread 0x000001eae5059f40 14985       3       org.gradle.internal.execution.history.impl.DefaultBeforeExecutionState::<init> (22 bytes)
Event: 60.030 Thread 0x000001eae5059f40 nmethod 14985 0x000001eacedba910 code [0x000001eacedbaac0, 0x000001eacedbaeb8]
Event: 60.030 Thread 0x000001eae5059f40 14986       3       org.gradle.internal.execution.steps.ValidateStep::execute (197 bytes)
Event: 60.035 Thread 0x000001eae5059f40 nmethod 14986 0x000001eace931910 code [0x000001eace931fa0, 0x000001eace935ea8]
Event: 60.035 Thread 0x000001eae5059f40 14987       3       org.gradle.internal.execution.steps.ResolveChangesStep$$Lambda$614/0x000001ea8151fb70::<init> (20 bytes)
Event: 60.035 Thread 0x000001eae5059f40 nmethod 14987 0x000001eace931410 code [0x000001eace9315c0, 0x000001eace931838]
Event: 60.036 Thread 0x000001eae5059f40 14988       3       org.gradle.internal.execution.steps.ResolveChangesStep$$Lambda$614/0x000001ea8151fb70::apply (20 bytes)
Event: 60.036 Thread 0x000001eae5059f40 nmethod 14988 0x000001eace930e90 code [0x000001eace931040, 0x000001eace931308]
Event: 60.036 Thread 0x000001eae5059f40 14989       3       org.gradle.internal.execution.steps.ResolveChangesStep$$Lambda$618/0x000001ea81524d08::apply (28 bytes)
Event: 60.036 Thread 0x000001eae5059f40 nmethod 14989 0x000001eace930990 code [0x000001eace930b40, 0x000001eace930dc8]
Event: 60.037 Thread 0x000001eae5059f40 14990       3       org.gradle.internal.execution.history.changes.AbstractFingerprintChanges::<init> (20 bytes)
Event: 60.037 Thread 0x000001eae5059f40 nmethod 14990 0x000001eace930490 code [0x000001eace930640, 0x000001eace9308b8]
Event: 60.037 Thread 0x000001eae5059f40 14991   !   3       sun.nio.fs.WindowsNativeDispatcher::CreateFile (41 bytes)
Event: 60.038 Thread 0x000001eae5059f40 nmethod 14991 0x000001eacedba190 code [0x000001eacedba360, 0x000001eacedba698]

GC Heap History (20 events):
Event: 44.657 GC heap before
{Heap before GC invocations=45 (full 0):
 garbage-first heap   total 233472K, used 183454K [0x0000000080000000, 0x0000000100000000)
  region size 1024K, 88 young (90112K), 1 survivors (1024K)
 Metaspace       used 87889K, committed 88704K, reserved 557056K
  class space    used 12299K, committed 12672K, reserved 425984K
}
Event: 44.669 GC heap after
{Heap after GC invocations=46 (full 0):
 garbage-first heap   total 233472K, used 100316K [0x0000000080000000, 0x0000000100000000)
  region size 1024K, 7 young (7168K), 7 survivors (7168K)
 Metaspace       used 87889K, committed 88704K, reserved 557056K
  class space    used 12299K, committed 12672K, reserved 425984K
}
Event: 47.625 GC heap before
{Heap before GC invocations=46 (full 0):
 garbage-first heap   total 233472K, used 191452K [0x0000000080000000, 0x0000000100000000)
  region size 1024K, 91 young (93184K), 7 survivors (7168K)
 Metaspace       used 89927K, committed 90752K, reserved 557056K
  class space    used 12585K, committed 12992K, reserved 425984K
}
Event: 47.654 GC heap after
{Heap after GC invocations=47 (full 0):
 garbage-first heap   total 233472K, used 123245K [0x0000000080000000, 0x0000000100000000)
  region size 1024K, 12 young (12288K), 12 survivors (12288K)
 Metaspace       used 89927K, committed 90752K, reserved 557056K
  class space    used 12585K, committed 12992K, reserved 425984K
}
Event: 49.869 GC heap before
{Heap before GC invocations=47 (full 0):
 garbage-first heap   total 233472K, used 185709K [0x0000000080000000, 0x0000000100000000)
  region size 1024K, 72 young (73728K), 12 survivors (12288K)
 Metaspace       used 92007K, committed 92928K, reserved 557056K
  class space    used 12863K, committed 13312K, reserved 425984K
}
Event: 49.891 GC heap after
{Heap after GC invocations=48 (full 0):
 garbage-first heap   total 233472K, used 136014K [0x0000000080000000, 0x0000000100000000)
  region size 1024K, 9 young (9216K), 9 survivors (9216K)
 Metaspace       used 92007K, committed 92928K, reserved 557056K
  class space    used 12863K, committed 13312K, reserved 425984K
}
Event: 51.714 GC heap before
{Heap before GC invocations=48 (full 0):
 garbage-first heap   total 233472K, used 189262K [0x0000000080000000, 0x0000000100000000)
  region size 1024K, 61 young (62464K), 9 survivors (9216K)
 Metaspace       used 96335K, committed 97280K, reserved 557056K
  class space    used 13455K, committed 13952K, reserved 425984K
}
Event: 51.736 GC heap after
{Heap after GC invocations=49 (full 0):
 garbage-first heap   total 233472K, used 140918K [0x0000000080000000, 0x0000000100000000)
  region size 1024K, 5 young (5120K), 5 survivors (5120K)
 Metaspace       used 96335K, committed 97280K, reserved 557056K
  class space    used 13455K, committed 13952K, reserved 425984K
}
Event: 53.376 GC heap before
{Heap before GC invocations=49 (full 0):
 garbage-first heap   total 233472K, used 191094K [0x0000000080000000, 0x0000000100000000)
  region size 1024K, 54 young (55296K), 5 survivors (5120K)
 Metaspace       used 97768K, committed 98752K, reserved 557056K
  class space    used 13623K, committed 14080K, reserved 425984K
}
Event: 53.397 GC heap after
{Heap after GC invocations=50 (full 0):
 garbage-first heap   total 233472K, used 145739K [0x0000000080000000, 0x0000000100000000)
  region size 1024K, 6 young (6144K), 6 survivors (6144K)
 Metaspace       used 97768K, committed 98752K, reserved 557056K
  class space    used 13623K, committed 14080K, reserved 425984K
}
Event: 54.724 GC heap before
{Heap before GC invocations=50 (full 0):
 garbage-first heap   total 233472K, used 190795K [0x0000000080000000, 0x0000000100000000)
  region size 1024K, 51 young (52224K), 6 survivors (6144K)
 Metaspace       used 99127K, committed 100096K, reserved 557056K
  class space    used 13735K, committed 14208K, reserved 425984K
}
Event: 54.749 GC heap after
{Heap after GC invocations=51 (full 0):
 garbage-first heap   total 233472K, used 152230K [0x0000000080000000, 0x0000000100000000)
  region size 1024K, 7 young (7168K), 7 survivors (7168K)
 Metaspace       used 99127K, committed 100096K, reserved 557056K
  class space    used 13735K, committed 14208K, reserved 425984K
}
Event: 56.185 GC heap before
{Heap before GC invocations=51 (full 0):
 garbage-first heap   total 233472K, used 197286K [0x0000000080000000, 0x0000000100000000)
  region size 1024K, 47 young (48128K), 7 survivors (7168K)
 Metaspace       used 100686K, committed 101632K, reserved 557056K
  class space    used 13899K, committed 14400K, reserved 425984K
}
Event: 56.200 GC heap after
{Heap after GC invocations=52 (full 0):
 garbage-first heap   total 233472K, used 154875K [0x0000000080000000, 0x0000000100000000)
  region size 1024K, 3 young (3072K), 3 survivors (3072K)
 Metaspace       used 100686K, committed 101632K, reserved 557056K
  class space    used 13899K, committed 14400K, reserved 425984K
}
Event: 57.243 GC heap before
{Heap before GC invocations=52 (full 0):
 garbage-first heap   total 233472K, used 194811K [0x0000000080000000, 0x0000000100000000)
  region size 1024K, 43 young (44032K), 3 survivors (3072K)
 Metaspace       used 101276K, committed 102272K, reserved 557056K
  class space    used 13999K, committed 14464K, reserved 425984K
}
Event: 57.255 GC heap after
{Heap after GC invocations=53 (full 0):
 garbage-first heap   total 233472K, used 157929K [0x0000000080000000, 0x0000000100000000)
  region size 1024K, 6 young (6144K), 6 survivors (6144K)
 Metaspace       used 101276K, committed 102272K, reserved 557056K
  class space    used 13999K, committed 14464K, reserved 425984K
}
Event: 58.371 GC heap before
{Heap before GC invocations=53 (full 0):
 garbage-first heap   total 233472K, used 198889K [0x0000000080000000, 0x0000000100000000)
  region size 1024K, 43 young (44032K), 6 survivors (6144K)
 Metaspace       used 101277K, committed 102272K, reserved 557056K
  class space    used 13999K, committed 14464K, reserved 425984K
}
Event: 58.383 GC heap after
{Heap after GC invocations=54 (full 0):
 garbage-first heap   total 233472K, used 160730K [0x0000000080000000, 0x0000000100000000)
  region size 1024K, 3 young (3072K), 3 survivors (3072K)
 Metaspace       used 101277K, committed 102272K, reserved 557056K
  class space    used 13999K, committed 14464K, reserved 425984K
}
Event: 59.546 GC heap before
{Heap before GC invocations=54 (full 0):
 garbage-first heap   total 233472K, used 196570K [0x0000000080000000, 0x0000000100000000)
  region size 1024K, 39 young (39936K), 3 survivors (3072K)
 Metaspace       used 101407K, committed 102336K, reserved 557056K
  class space    used 13999K, committed 14464K, reserved 425984K
}
Event: 59.553 GC heap after
{Heap after GC invocations=55 (full 0):
 garbage-first heap   total 233472K, used 163907K [0x0000000080000000, 0x0000000100000000)
  region size 1024K, 3 young (3072K), 3 survivors (3072K)
 Metaspace       used 101407K, committed 102336K, reserved 557056K
  class space    used 13999K, committed 14464K, reserved 425984K
}

Dll operation events (14 events):
Event: 0.016 Loaded shared library C:\Program Files\Microsoft\jdk-17.0.8.7-hotspot\bin\java.dll
Event: 0.040 Loaded shared library C:\Program Files\Microsoft\jdk-17.0.8.7-hotspot\bin\jsvml.dll
Event: 0.132 Loaded shared library C:\Program Files\Microsoft\jdk-17.0.8.7-hotspot\bin\zip.dll
Event: 0.137 Loaded shared library C:\Program Files\Microsoft\jdk-17.0.8.7-hotspot\bin\instrument.dll
Event: 0.143 Loaded shared library C:\Program Files\Microsoft\jdk-17.0.8.7-hotspot\bin\net.dll
Event: 0.145 Loaded shared library C:\Program Files\Microsoft\jdk-17.0.8.7-hotspot\bin\nio.dll
Event: 0.152 Loaded shared library C:\Program Files\Microsoft\jdk-17.0.8.7-hotspot\bin\zip.dll
Event: 0.589 Loaded shared library C:\Program Files\Microsoft\jdk-17.0.8.7-hotspot\bin\jimage.dll
Event: 0.810 Loaded shared library C:\Program Files\Microsoft\jdk-17.0.8.7-hotspot\bin\verify.dll
Event: 1.158 Loaded shared library C:\Users\Hissam\.gradle\native\68d5fa5c4cc2d200863cafc0d521ce42e7d3e7ee720ec0a83991735586a16f82\windows-amd64\native-platform.dll
Event: 1.178 Loaded shared library C:\Users\Hissam\.gradle\native\e376f236ea51e6404a007f0833ffe2c6e607c4080706a723a18a27aeea778392\windows-amd64\native-platform-file-events.dll
Event: 2.923 Loaded shared library C:\Program Files\Microsoft\jdk-17.0.8.7-hotspot\bin\management.dll
Event: 2.927 Loaded shared library C:\Program Files\Microsoft\jdk-17.0.8.7-hotspot\bin\management_ext.dll
Event: 3.708 Loaded shared library C:\Program Files\Microsoft\jdk-17.0.8.7-hotspot\bin\sunmscapi.dll

Deoptimization events (20 events):
Event: 59.788 Thread 0x000001eaea30a670 Uncommon trap: trap_request=0xffffffbe fr.pc=0x000001ead6a9b03c relative=0x00000000000003dc
Event: 59.788 Thread 0x000001eaea30a670 Uncommon trap: reason=profile_predicate action=maybe_recompile pc=0x000001ead6a9b03c method=java.util.Collections.indexedBinarySearch(Ljava/util/List;Ljava/lang/Object;Ljava/util/Comparator;)I @ 15 c2
Event: 59.788 Thread 0x000001eaea30a670 DEOPT PACKING pc=0x000001ead6a9b03c sp=0x0000007ecfdfce20
Event: 59.788 Thread 0x000001eaea30a670 DEOPT UNPACKING pc=0x000001ead5d469a3 sp=0x0000007ecfdfccd0 mode 2
Event: 59.788 Thread 0x000001eaea30a670 Uncommon trap: trap_request=0xffffffbe fr.pc=0x000001ead6a9b03c relative=0x00000000000003dc
Event: 59.788 Thread 0x000001eaea30a670 Uncommon trap: reason=profile_predicate action=maybe_recompile pc=0x000001ead6a9b03c method=java.util.Collections.indexedBinarySearch(Ljava/util/List;Ljava/lang/Object;Ljava/util/Comparator;)I @ 15 c2
Event: 59.788 Thread 0x000001eaea30a670 DEOPT PACKING pc=0x000001ead6a9b03c sp=0x0000007ecfdfce20
Event: 59.788 Thread 0x000001eaea30a670 DEOPT UNPACKING pc=0x000001ead5d469a3 sp=0x0000007ecfdfccd0 mode 2
Event: 59.788 Thread 0x000001eaea30a670 Uncommon trap: trap_request=0xffffffbe fr.pc=0x000001ead6a9b03c relative=0x00000000000003dc
Event: 59.788 Thread 0x000001eaea30a670 Uncommon trap: reason=profile_predicate action=maybe_recompile pc=0x000001ead6a9b03c method=java.util.Collections.indexedBinarySearch(Ljava/util/List;Ljava/lang/Object;Ljava/util/Comparator;)I @ 15 c2
Event: 59.788 Thread 0x000001eaea30a670 DEOPT PACKING pc=0x000001ead6a9b03c sp=0x0000007ecfdfce20
Event: 59.788 Thread 0x000001eaea30a670 DEOPT UNPACKING pc=0x000001ead5d469a3 sp=0x0000007ecfdfccd0 mode 2
Event: 59.940 Thread 0x000001eaea30a670 Uncommon trap: trap_request=0xffffffd6 fr.pc=0x000001ead6aa73dc relative=0x0000000000001cfc
Event: 59.940 Thread 0x000001eaea30a670 Uncommon trap: reason=array_check action=maybe_recompile pc=0x000001ead6aa73dc method=java.util.TimSort.reverseRange([Ljava/lang/Object;II)V @ 27 c2
Event: 59.940 Thread 0x000001eaea30a670 DEOPT PACKING pc=0x000001ead6aa73dc sp=0x0000007ecfdf8e40
Event: 59.940 Thread 0x000001eaea30a670 DEOPT UNPACKING pc=0x000001ead5d469a3 sp=0x0000007ecfdf8cf8 mode 2
Event: 59.943 Thread 0x000001eaea30a670 Uncommon trap: trap_request=0xffffffd6 fr.pc=0x000001ead6aa73dc relative=0x0000000000001cfc
Event: 59.943 Thread 0x000001eaea30a670 Uncommon trap: reason=array_check action=maybe_recompile pc=0x000001ead6aa73dc method=java.util.TimSort.reverseRange([Ljava/lang/Object;II)V @ 27 c2
Event: 59.943 Thread 0x000001eaea30a670 DEOPT PACKING pc=0x000001ead6aa73dc sp=0x0000007ecfdf8df0
Event: 59.943 Thread 0x000001eaea30a670 DEOPT UNPACKING pc=0x000001ead5d469a3 sp=0x0000007ecfdf8ca8 mode 2

Classes unloaded (0 events):
No events

Classes redefined (0 events):
No events

Internal exceptions (20 events):
Event: 54.814 Thread 0x000001eaea7bba30 Exception <a 'sun/nio/fs/WindowsException'{0x000000008e15c458}> (0x000000008e15c458) 
thrown [s\src\hotspot\share\prims\jni.cpp, line 516]
Event: 54.985 Thread 0x000001eaea3078e0 Exception <a 'java/lang/NoSuchMethodError'{0x000000008dd5d760}: 'void java.lang.invoke.DirectMethodHandle$Holder.invokeStatic(java.lang.Object, java.lang.Object, java.lang.Object, java.lang.Object, int, java.lang.Object, java.lang.Object)'> (0x000000008dd5d760) 
thrown [s\src\hotspot\share\interpreter\linkResolver.cpp, line 759]
Event: 55.045 Thread 0x000001eaea3078e0 Exception <a 'java/lang/NoSuchMethodError'{0x000000008dcdeb98}: 'java.lang.Object java.lang.invoke.DirectMethodHandle$Holder.invokeSpecialIFC(java.lang.Object, java.lang.Object, java.lang.Object)'> (0x000000008dcdeb98) 
thrown [s\src\hotspot\share\interpreter\linkResolver.cpp, line 759]
Event: 55.045 Thread 0x000001eaf61d8ce0 Exception <a 'java/lang/NoSuchMethodError'{0x000000008db1d1f0}: 'java.lang.Object java.lang.invoke.DirectMethodHandle$Holder.invokeSpecialIFC(java.lang.Object, java.lang.Object, java.lang.Object)'> (0x000000008db1d1f0) 
thrown [s\src\hotspot\share\interpreter\linkResolver.cpp, line 759]
Event: 55.046 Thread 0x000001eaf61d9c10 Exception <a 'java/lang/NoSuchMethodError'{0x000000008dcf9430}: 'java.lang.Object java.lang.invoke.DirectMethodHandle$Holder.invokeSpecialIFC(java.lang.Object, java.lang.Object, java.lang.Object)'> (0x000000008dcf9430) 
thrown [s\src\hotspot\share\interpreter\linkResolver.cpp, line 759]
Event: 55.489 Thread 0x000001eaea3078e0 Exception <a 'java/lang/NoSuchMethodError'{0x000000008cfcfb40}: 'void java.lang.invoke.DirectMethodHandle$Holder.invokeVirtual(java.lang.Object, java.lang.Object)'> (0x000000008cfcfb40) 
thrown [s\src\hotspot\share\interpreter\linkResolver.cpp, line 759]
Event: 55.813 Thread 0x000001eaea3078e0 Implicit null exception at 0x000001ead6a297c0 to 0x000001ead6a29cdc
Event: 56.672 Thread 0x000001eaea3078e0 Exception <a 'java/lang/ClassNotFoundException'{0x000000008d337e88}: groovy/util/FileTreeBuilderBeanInfo> (0x000000008d337e88) 
thrown [s\src\hotspot\share\classfile\systemDictionary.cpp, line 256]
Event: 56.674 Thread 0x000001eaea3078e0 Exception <a 'java/lang/ClassNotFoundException'{0x000000008d39a7c8}: groovy/util/FileTreeBuilderCustomizer> (0x000000008d39a7c8) 
thrown [s\src\hotspot\share\classfile\systemDictionary.cpp, line 256]
Event: 56.696 Thread 0x000001eaea3078e0 Exception <a 'java/lang/ClassNotFoundException'{0x000000008d3e0778}: java/io/BufferedWriterBeanInfo> (0x000000008d3e0778) 
thrown [s\src\hotspot\share\classfile\systemDictionary.cpp, line 256]
Event: 56.696 Thread 0x000001eaea3078e0 Exception <a 'java/lang/ClassNotFoundException'{0x000000008d3e6918}: java/io/WriterBeanInfo> (0x000000008d3e6918) 
thrown [s\src\hotspot\share\classfile\systemDictionary.cpp, line 256]
Event: 56.697 Thread 0x000001eaea3078e0 Exception <a 'java/lang/ClassNotFoundException'{0x000000008d3ecad8}: java/io/WriterCustomizer> (0x000000008d3ecad8) 
thrown [s\src\hotspot\share\classfile\systemDictionary.cpp, line 256]
Event: 56.697 Thread 0x000001eaea3078e0 Exception <a 'java/lang/ClassNotFoundException'{0x000000008d3fbb90}: java/io/BufferedWriterCustomizer> (0x000000008d3fbb90) 
thrown [s\src\hotspot\share\classfile\systemDictionary.cpp, line 256]
Event: 56.806 Thread 0x000001eaea3078e0 Exception <a 'java/lang/NoSuchMethodError'{0x000000008d2780e8}: static Lcom/android/build/api/variant/BuildConfigField;.<clinit>()V> (0x000000008d2780e8) 
thrown [s\src\hotspot\share\prims\jni.cpp, line 1107]
Event: 59.267 Thread 0x000001eaea30ab80 Implicit null exception at 0x000001ead68b8f60 to 0x000001ead68b8ff4
Event: 59.607 Thread 0x000001eaea30bfc0 Exception <a 'java/lang/NoSuchMethodError'{0x000000008e1d5688}: static Lcom/android/build/api/variant/impl/ResValueKeyImpl;.<clinit>()V> (0x000000008e1d5688) 
thrown [s\src\hotspot\share\prims\jni.cpp, line 1107]
Event: 59.609 Thread 0x000001eaea30bfc0 Exception <a 'java/lang/NoSuchMethodError'{0x000000008e1e50c0}: static Lcom/android/build/api/variant/ResValue;.<clinit>()V> (0x000000008e1e50c0) 
thrown [s\src\hotspot\share\prims\jni.cpp, line 1107]
Event: 59.624 Thread 0x000001eaea30bfc0 Exception <a 'sun/nio/fs/WindowsException'{0x000000008e02c728}> (0x000000008e02c728) 
thrown [s\src\hotspot\share\prims\jni.cpp, line 516]
Event: 59.659 Thread 0x000001eaea30bfc0 Exception <a 'sun/nio/fs/WindowsException'{0x000000008e098410}> (0x000000008e098410) 
thrown [s\src\hotspot\share\prims\jni.cpp, line 516]
Event: 59.731 Thread 0x000001eaea30bfc0 Exception <a 'sun/nio/fs/WindowsException'{0x000000008dfa4fb0}> (0x000000008dfa4fb0) 
thrown [s\src\hotspot\share\prims\jni.cpp, line 516]

VM Operations (20 events):
Event: 56.689 Executing VM operation: HandshakeAllThreads
Event: 56.689 Executing VM operation: HandshakeAllThreads done
Event: 56.933 Executing VM operation: ICBufferFull
Event: 56.933 Executing VM operation: ICBufferFull done
Event: 57.243 Executing VM operation: G1CollectForAllocation
Event: 57.255 Executing VM operation: G1CollectForAllocation done
Event: 58.260 Executing VM operation: Cleanup
Event: 58.260 Executing VM operation: Cleanup done
Event: 58.371 Executing VM operation: G1CollectForAllocation
Event: 58.383 Executing VM operation: G1CollectForAllocation done
Event: 59.396 Executing VM operation: Cleanup
Event: 59.396 Executing VM operation: Cleanup done
Event: 59.546 Executing VM operation: G1CollectForAllocation
Event: 59.554 Executing VM operation: G1CollectForAllocation done
Event: 59.635 Executing VM operation: HandshakeAllThreads
Event: 59.636 Executing VM operation: HandshakeAllThreads done
Event: 59.637 Executing VM operation: HandshakeAllThreads
Event: 59.638 Executing VM operation: HandshakeAllThreads done
Event: 59.801 Executing VM operation: ICBufferFull
Event: 59.802 Executing VM operation: ICBufferFull done

Events (20 events):
Event: 56.696 loading class java/io/BufferedWriterBeanInfo
Event: 56.696 loading class java/io/BufferedWriterBeanInfo done
Event: 56.696 loading class java/io/BufferedWriterBeanInfo
Event: 56.696 loading class java/io/BufferedWriterBeanInfo done
Event: 56.696 loading class java/io/WriterBeanInfo
Event: 56.696 loading class java/io/WriterBeanInfo done
Event: 56.696 loading class java/io/WriterBeanInfo
Event: 56.696 loading class java/io/WriterBeanInfo done
Event: 56.696 loading class java/io/WriterCustomizer
Event: 56.696 loading class java/io/WriterCustomizer done
Event: 56.697 loading class java/io/WriterCustomizer
Event: 56.697 loading class java/io/WriterCustomizer done
Event: 56.697 loading class java/io/BufferedWriterCustomizer
Event: 56.697 loading class java/io/BufferedWriterCustomizer done
Event: 56.697 loading class java/io/BufferedWriterCustomizer
Event: 56.697 loading class java/io/BufferedWriterCustomizer done
Event: 59.267 Thread 0x000001eaea1b9f10 Thread exited: 0x000001eaea1b9f10
Event: 59.285 Thread 0x000001eaf4505010 Thread added: 0x000001eaf4505010
Event: 59.432 Thread 0x000001eaf4505010 Thread exited: 0x000001eaf4505010
Event: 59.445 Thread 0x000001eaf4504ac0 Thread added: 0x000001eaf4504ac0


Dynamic libraries:
0x00007ff75e510000 - 0x00007ff75e51e000 	C:\Program Files\Microsoft\jdk-17.0.8.7-hotspot\bin\java.exe
0x00007fffcc9f0000 - 0x00007fffccbe8000 	C:\Windows\SYSTEM32\ntdll.dll
0x00007fffcacb0000 - 0x00007fffcad6d000 	C:\Windows\System32\KERNEL32.DLL
0x00007fffca3c0000 - 0x00007fffca6b6000 	C:\Windows\System32\KERNELBASE.dll
0x00007fffca930000 - 0x00007fffcaa30000 	C:\Windows\System32\ucrtbase.dll
0x00007fffaca60000 - 0x00007fffaca7b000 	C:\Program Files\Microsoft\jdk-17.0.8.7-hotspot\bin\VCRUNTIME140.dll
0x00007fffbefa0000 - 0x00007fffbefb7000 	C:\Program Files\Microsoft\jdk-17.0.8.7-hotspot\bin\jli.dll
0x00007fffad6e0000 - 0x00007fffad97a000 	C:\Windows\WinSxS\amd64_microsoft.windows.common-controls_6595b64144ccf1df_6.0.19041.3636_none_60b6a03d71f818d5\COMCTL32.dll
0x00007fffcaa70000 - 0x00007fffcab0e000 	C:\Windows\System32\msvcrt.dll
0x00007fffcab10000 - 0x00007fffcacae000 	C:\Windows\System32\USER32.dll
0x00007fffcb1f0000 - 0x00007fffcb21b000 	C:\Windows\System32\GDI32.dll
0x00007fffca870000 - 0x00007fffca892000 	C:\Windows\System32\win32u.dll
0x00007fffca180000 - 0x00007fffca297000 	C:\Windows\System32\gdi32full.dll
0x00007fffca0e0000 - 0x00007fffca17d000 	C:\Windows\System32\msvcp_win.dll
0x00007fffcaa30000 - 0x00007fffcaa62000 	C:\Windows\System32\IMM32.DLL
0x00007fffbe780000 - 0x00007fffbe78c000 	C:\Program Files\Microsoft\jdk-17.0.8.7-hotspot\bin\vcruntime140_1.dll
0x00007fff622b0000 - 0x00007fff6233d000 	C:\Program Files\Microsoft\jdk-17.0.8.7-hotspot\bin\msvcp140.dll
0x00007fff61640000 - 0x00007fff622a5000 	C:\Program Files\Microsoft\jdk-17.0.8.7-hotspot\bin\server\jvm.dll
0x00007fffcb220000 - 0x00007fffcb2d3000 	C:\Windows\System32\ADVAPI32.dll
0x00007fffcb970000 - 0x00007fffcba0f000 	C:\Windows\System32\sechost.dll
0x00007fffcb410000 - 0x00007fffcb536000 	C:\Windows\System32\RPCRT4.dll
0x00007fffca0b0000 - 0x00007fffca0d7000 	C:\Windows\System32\bcrypt.dll
0x00007fffb02c0000 - 0x00007fffb02c9000 	C:\Windows\SYSTEM32\WSOCK32.dll
0x00007fffb0e50000 - 0x00007fffb0e77000 	C:\Windows\SYSTEM32\WINMM.dll
0x00007fffc9f10000 - 0x00007fffc9f5b000 	C:\Windows\SYSTEM32\POWRPROF.dll
0x00007fffcb8a0000 - 0x00007fffcb90b000 	C:\Windows\System32\WS2_32.dll
0x00007fffbe770000 - 0x00007fffbe77a000 	C:\Windows\SYSTEM32\VERSION.dll
0x00007fffc9ef0000 - 0x00007fffc9f02000 	C:\Windows\SYSTEM32\UMPDC.dll
0x00007fffc88e0000 - 0x00007fffc88f2000 	C:\Windows\SYSTEM32\kernel.appcore.dll
0x00007fffa55f0000 - 0x00007fffa55fa000 	C:\Program Files\Microsoft\jdk-17.0.8.7-hotspot\bin\jimage.dll
0x00007fffc7a90000 - 0x00007fffc7c74000 	C:\Windows\SYSTEM32\DBGHELP.DLL
0x00007fffa75a0000 - 0x00007fffa75d4000 	C:\Windows\SYSTEM32\dbgcore.DLL
0x00007fffca8a0000 - 0x00007fffca922000 	C:\Windows\System32\bcryptPrimitives.dll
0x00007fffad980000 - 0x00007fffad98e000 	C:\Program Files\Microsoft\jdk-17.0.8.7-hotspot\bin\instrument.dll
0x00007fff93ea0000 - 0x00007fff93ec5000 	C:\Program Files\Microsoft\jdk-17.0.8.7-hotspot\bin\java.dll
0x00007fff61560000 - 0x00007fff61637000 	C:\Program Files\Microsoft\jdk-17.0.8.7-hotspot\bin\jsvml.dll
0x00007fffcbdf0000 - 0x00007fffcc535000 	C:\Windows\System32\SHELL32.dll
0x00007fffc8140000 - 0x00007fffc88dc000 	C:\Windows\SYSTEM32\windows.storage.dll
0x00007fffcb540000 - 0x00007fffcb894000 	C:\Windows\System32\combase.dll
0x00007fffc9a10000 - 0x00007fffc9a3e000 	C:\Windows\SYSTEM32\Wldp.dll
0x00007fffcae70000 - 0x00007fffcaf3d000 	C:\Windows\System32\OLEAUT32.dll
0x00007fffcba10000 - 0x00007fffcbabd000 	C:\Windows\System32\SHCORE.dll
0x00007fffcaf40000 - 0x00007fffcaf95000 	C:\Windows\System32\shlwapi.dll
0x00007fffc9fe0000 - 0x00007fffca005000 	C:\Windows\SYSTEM32\profapi.dll
0x00007fff93e40000 - 0x00007fff93e58000 	C:\Program Files\Microsoft\jdk-17.0.8.7-hotspot\bin\zip.dll
0x00007fffa55d0000 - 0x00007fffa55e9000 	C:\Program Files\Microsoft\jdk-17.0.8.7-hotspot\bin\net.dll
0x00007fffb8040000 - 0x00007fffb814a000 	C:\Windows\SYSTEM32\WINHTTP.dll
0x00007fffc9770000 - 0x00007fffc97da000 	C:\Windows\system32\mswsock.dll
0x00007fff93e80000 - 0x00007fff93e96000 	C:\Program Files\Microsoft\jdk-17.0.8.7-hotspot\bin\nio.dll
0x00007fffb8c00000 - 0x00007fffb8c10000 	C:\Program Files\Microsoft\jdk-17.0.8.7-hotspot\bin\verify.dll
0x00007fffa4b20000 - 0x00007fffa4b47000 	C:\Users\Hissam\.gradle\native\68d5fa5c4cc2d200863cafc0d521ce42e7d3e7ee720ec0a83991735586a16f82\windows-amd64\native-platform.dll
0x00007fff450e0000 - 0x00007fff45224000 	C:\Users\Hissam\.gradle\native\e376f236ea51e6404a007f0833ffe2c6e607c4080706a723a18a27aeea778392\windows-amd64\native-platform-file-events.dll
0x00007fff89f30000 - 0x00007fff89f39000 	C:\Program Files\Microsoft\jdk-17.0.8.7-hotspot\bin\management.dll
0x00007fff5e7d0000 - 0x00007fff5e7db000 	C:\Program Files\Microsoft\jdk-17.0.8.7-hotspot\bin\management_ext.dll
0x00007fffcad70000 - 0x00007fffcad78000 	C:\Windows\System32\PSAPI.DLL
0x00007fffc9970000 - 0x00007fffc9988000 	C:\Windows\SYSTEM32\CRYPTSP.dll
0x00007fffc90a0000 - 0x00007fffc90d4000 	C:\Windows\system32\rsaenh.dll
0x00007fffc9f60000 - 0x00007fffc9f8e000 	C:\Windows\SYSTEM32\USERENV.dll
0x00007fffc9960000 - 0x00007fffc996c000 	C:\Windows\SYSTEM32\CRYPTBASE.dll
0x00007fffc9460000 - 0x00007fffc949b000 	C:\Windows\SYSTEM32\IPHLPAPI.DLL
0x00007fffcae60000 - 0x00007fffcae68000 	C:\Windows\System32\NSI.dll
0x00007fffb8a60000 - 0x00007fffb8a77000 	C:\Windows\SYSTEM32\dhcpcsvc6.DLL
0x00007fffbc750000 - 0x00007fffbc76d000 	C:\Windows\SYSTEM32\dhcpcsvc.DLL
0x00007fffc94a0000 - 0x00007fffc956b000 	C:\Windows\SYSTEM32\DNSAPI.dll
0x00007fff5d850000 - 0x00007fff5d85e000 	C:\Program Files\Microsoft\jdk-17.0.8.7-hotspot\bin\sunmscapi.dll
0x00007fffca710000 - 0x00007fffca86d000 	C:\Windows\System32\CRYPT32.dll
0x00007fffc9a80000 - 0x00007fffc9aa8000 	C:\Windows\SYSTEM32\ncrypt.dll
0x00007fffc9a40000 - 0x00007fffc9a7b000 	C:\Windows\SYSTEM32\NTASN1.dll
0x00007fff5d800000 - 0x00007fff5d807000 	C:\Windows\system32\wshunix.dll
0x00007fffac7c0000 - 0x00007fffac7d7000 	C:\Windows\system32\napinsp.dll
0x00007fffac7a0000 - 0x00007fffac7bb000 	C:\Windows\system32\pnrpnsp.dll
0x00007fffc16b0000 - 0x00007fffc16c5000 	C:\Windows\system32\wshbth.dll
0x00007fffc2320000 - 0x00007fffc233d000 	C:\Windows\system32\NLAapi.dll
0x00007fffac780000 - 0x00007fffac792000 	C:\Windows\System32\winrnr.dll
0x00007fffb4ee0000 - 0x00007fffb4eea000 	C:\Windows\System32\rasadhlp.dll
0x00007fffb4f20000 - 0x00007fffb4fa0000 	C:\Windows\System32\fwpuclnt.dll

dbghelp: loaded successfully - version: 4.0.5 - missing functions: none
symbol engine: initialized successfully - sym options: 0x614 - pdb path: .;C:\Program Files\Microsoft\jdk-17.0.8.7-hotspot\bin;C:\Windows\SYSTEM32;C:\Windows\WinSxS\amd64_microsoft.windows.common-controls_6595b64144ccf1df_6.0.19041.3636_none_60b6a03d71f818d5;C:\Program Files\Microsoft\jdk-17.0.8.7-hotspot\bin\server;C:\Users\Hissam\.gradle\native\68d5fa5c4cc2d200863cafc0d521ce42e7d3e7ee720ec0a83991735586a16f82\windows-amd64;C:\Users\Hissam\.gradle\native\e376f236ea51e6404a007f0833ffe2c6e607c4080706a723a18a27aeea778392\windows-amd64

VM Arguments:
jvm_args: -XX:MaxMetaspaceSize=512m --add-opens=java.base/java.util=ALL-UNNAMED --add-opens=java.base/java.lang=ALL-UNNAMED --add-opens=java.base/java.lang.invoke=ALL-UNNAMED --add-opens=java.prefs/java.util.prefs=ALL-UNNAMED --add-opens=java.base/java.nio.charset=ALL-UNNAMED --add-opens=java.base/java.net=ALL-UNNAMED --add-opens=java.base/java.util.concurrent.atomic=ALL-UNNAMED -Xmx2048m -Dfile.encoding=windows-1252 -Duser.country=US -Duser.language=en -Duser.variant -javaagent:C:\Users\Hissam\.gradle\wrapper\dists\gradle-8.3-all\6en3ugtfdg5xnpx44z4qbwgas\gradle-8.3\lib\agents\gradle-instrumentation-agent-8.3.jar 
java_command: org.gradle.launcher.daemon.bootstrap.GradleDaemon 8.3
java_class_path (initial): C:\Users\Hissam\.gradle\wrapper\dists\gradle-8.3-all\6en3ugtfdg5xnpx44z4qbwgas\gradle-8.3\lib\gradle-launcher-8.3.jar
Launcher Type: SUN_STANDARD

[Global flags]
     intx CICompilerCount                          = 3                                         {product} {ergonomic}
   size_t CompressedClassSpaceSize                 = 436207616                                 {product} {ergonomic}
     uint ConcGCThreads                            = 1                                         {product} {ergonomic}
     uint G1ConcRefinementThreads                  = 4                                         {product} {ergonomic}
   size_t G1HeapRegionSize                         = 1048576                                   {product} {ergonomic}
    uintx GCDrainStackTargetSize                   = 64                                        {product} {ergonomic}
   size_t InitialHeapSize                          = 134217728                                 {product} {ergonomic}
   size_t MarkStackSize                            = 4194304                                   {product} {ergonomic}
   size_t MaxHeapSize                              = 2147483648                                {product} {command line}
   size_t MaxMetaspaceSize                         = 536870912                                 {product} {command line}
   size_t MaxNewSize                               = 1287651328                                {product} {ergonomic}
   size_t MinHeapDeltaBytes                        = 1048576                                   {product} {ergonomic}
   size_t MinHeapSize                              = 8388608                                   {product} {ergonomic}
    uintx NonNMethodCodeHeapSize                   = 5832780                                {pd product} {ergonomic}
    uintx NonProfiledCodeHeapSize                  = 122912730                              {pd product} {ergonomic}
    uintx ProfiledCodeHeapSize                     = 122912730                              {pd product} {ergonomic}
    uintx ReservedCodeCacheSize                    = 251658240                              {pd product} {ergonomic}
     bool SegmentedCodeCache                       = true                                      {product} {ergonomic}
   size_t SoftMaxHeapSize                          = 2147483648                             {manageable} {ergonomic}
     bool UseCompressedClassPointers               = true                           {product lp64_product} {ergonomic}
     bool UseCompressedOops                        = true                           {product lp64_product} {ergonomic}
     bool UseG1GC                                  = true                                      {product} {ergonomic}
     bool UseLargePagesIndividualAllocation        = false                                  {pd product} {ergonomic}

Logging:
Log output configuration:
 #0: stdout all=warning uptime,level,tags
 #1: stderr all=off uptime,level,tags

Environment Variables:
JAVA_HOME=C:\Program Files\Microsoft\jdk-17.0.8.7-hotspot\
CLASSPATH=C:\Users\Hissam\Desktop\khan\AwesomeProject\android\\gradle\wrapper\gradle-wrapper.jar
PATH=C:\Users\Hissam\Desktop\khan\AwesomeProject\node_modules\.bin;C:\Users\Hissam\Desktop\khan\AwesomeProject\node_modules\.bin;C:\Users\Hissam\Desktop\khan\node_modules\.bin;C:\Users\Hissam\Desktop\node_modules\.bin;C:\Users\Hissam\node_modules\.bin;C:\Users\node_modules\.bin;C:\node_modules\.bin;C:\Users\Hissam\AppData\Roaming\npm\node_modules\npm\node_modules\@npmcli\run-script\lib\node-gyp-bin;C:\Users\Hissam\Desktop\khan\AwesomeProject\node_modules\.bin;C:\Users\Hissam\Desktop\khan\AwesomeProject\node_modules\.bin;C:\Users\Hissam\Desktop\khan\node_modules\.bin;C:\Users\Hissam\Desktop\node_modules\.bin;C:\Users\Hissam\node_modules\.bin;C:\Users\node_modules\.bin;C:\node_modules\.bin;C:\Users\Hissam\AppData\Roaming\npm\node_modules\npm\node_modules\@npmcli\run-script\lib\node-gyp-bin;C:\oraclexe\app\oracle\product\11.2.0\server\bin;;C:\Program Files\Microsoft\jdk-17.0.8.7-hotspot\bin;C:\Windows\system32;C:\Windows;C:\Windows\System32\Wbem;C:\Windows\System32\WindowsPowerShell\v1.0\;C:\Windows\System32\OpenSSH\;C:\ProgramData\chocolatey\bin;C:\Program Files\nodejs\;C:\Program Files\Git\cmd;C:\Users\Hissam\AppData\Local\Android\Sdk\tools;C:\Users\Hissam\AppData\Local\Microsoft\WindowsApps;C:\Users\Hissam\AppData\Local\Programs\Microsoft VS Code\bin;C:\Users\Hissam\AppData\Roaming\npm;C:\Users\Hissam\AppData\Local\Android\Sdk\platform-tools;
USERNAME=Hissam
LANG=en_US.UTF-8
OS=Windows_NT
PROCESSOR_IDENTIFIER=Intel64 Family 6 Model 78 Stepping 3, GenuineIntel
TMP=C:\Users\Hissam\AppData\Local\Temp
TEMP=C:\Users\Hissam\AppData\Local\Temp



---------------  S Y S T E M  ---------------

OS:
 Windows 10 , 64 bit Build 19041 (10.0.19041.3636)
OS uptime: 0 days 4:58 hours

CPU: total 4 (initial active 4) (2 cores per cpu, 2 threads per core) family 6 model 78 stepping 3 microcode 0xf0, cx8, cmov, fxsr, ht, mmx, 3dnowpref, sse, sse2, sse3, ssse3, sse4.1, sse4.2, popcnt, lzcnt, tsc, tscinvbit, avx, avx2, aes, erms, clmul, bmi1, bmi2, adx, fma, vzeroupper, clflush, clflushopt
Processor Information for all 4 processors :
  Max Mhz: 2400, Current Mhz: 2300, Mhz Limit: 2280

Memory: 4k page, system-wide physical 8071M (455M free)
TotalPageFile size 25991M (AvailPageFile size 12729M)
current process WorkingSet (physical memory assigned to process): 473M, peak: 479M
current process commit charge ("private bytes"): 575M, peak: 584M

vm_info: OpenJDK 64-Bit Server VM (17.0.8+7-LTS) for windows-amd64 JRE (17.0.8+7-LTS), built on Jul  7 2023 17:21:55 by "MicrosoftCorporation" with MS VC++ 16.10 / 16.11 (VS2019)

END.
